
set 24, 2018 20:08:32.84 NEW SESSION
set 24, 2018 20:08:32.84 [9708:3576:0924/200832.820:ERROR:in_progress_cache_impl.cc(192)] Cache is not initialized, cannot RetrieveEntry.
set 24, 2018 20:08:32.93 [9708:3576:0924/200832.820:ERROR:in_progress_cache_impl.cc(192)] Cache is not initialized, cannot RetrieveEntry.
set 24, 2018 20:08:33.07 [9708:3576:0924/200832.820:ERROR:in_progress_cache_impl.cc(192)] Cache is not initialized, cannot RetrieveEntry.
set 24, 2018 20:08:33.23 [9708:3576:0924/200832.820:ERROR:in_progress_cache_impl.cc(192)] Cache is not initialized, cannot RetrieveEntry.
set 24, 2018 20:08:33.32 [9708:3576:0924/200832.820:ERROR:in_progress_cache_impl.cc(192)] Cache is not initialized, cannot RetrieveEntry.
set 24, 2018 20:08:33.45 [9708:3576:0924/200832.820:ERROR:in_progress_cache_impl.cc(192)] Cache is not initialized, cannot RetrieveEntry.
set 24, 2018 20:08:33.47 [9708:3576:0924/200832.820:ERROR:in_progress_cache_impl.cc(192)] Cache is not initialized, cannot RetrieveEntry.
set 24, 2018 20:08:33.51 [9708:3576:0924/200832.820:ERROR:in_progress_cache_impl.cc(192)] Cache is not initialized, cannot RetrieveEntry.
set 24, 2018 20:08:33.55 [9708:3576:0924/200832.820:ERROR:in_progress_cache_impl.cc(192)] Cache is not initialized, cannot RetrieveEntry.
set 24, 2018 20:08:33.59 [9708:3576:0924/200832.820:ERROR:in_progress_cache_impl.cc(192)] Cache is not initialized, cannot RetrieveEntry.
set 24, 2018 20:08:33.66 [9708:3576:0924/200832.820:ERROR:in_progress_cache_impl.cc(192)] Cache is not initialized, cannot RetrieveEntry.
set 24, 2018 20:08:33.67 [9708:3576:0924/200832.820:ERROR:in_progress_cache_impl.cc(192)] Cache is not initialized, cannot RetrieveEntry.
set 24, 2018 20:08:33.70 [9708:3576:0924/200832.820:ERROR:in_progress_cache_impl.cc(192)] Cache is not initialized, cannot RetrieveEntry.
set 24, 2018 20:08:33.73 [9708:3576:0924/200832.820:ERROR:in_progress_cache_impl.cc(192)] Cache is not initialized, cannot RetrieveEntry.
set 24, 2018 20:08:33.76 [9708:3576:0924/200832.820:ERROR:in_progress_cache_impl.cc(192)] Cache is not initialized, cannot RetrieveEntry.
set 24, 2018 20:08:33.78 [9708:3576:0924/200832.820:ERROR:in_progress_cache_impl.cc(192)] Cache is not initialized, cannot RetrieveEntry.
set 24, 2018 20:08:33.81 [9708:3576:0924/200832.820:ERROR:in_progress_cache_impl.cc(192)] Cache is not initialized, cannot RetrieveEntry.
set 24, 2018 20:08:33.85 [9708:3576:0924/200832.820:ERROR:in_progress_cache_impl.cc(192)] Cache is not initialized, cannot RetrieveEntry.
set 24, 2018 20:08:33.88 [9708:3576:0924/200832.820:ERROR:in_progress_cache_impl.cc(192)] Cache is not initialized, cannot RetrieveEntry.
set 24, 2018 20:08:33.90 [9708:3576:0924/200832.820:ERROR:in_progress_cache_impl.cc(192)] Cache is not initialized, cannot RetrieveEntry.
set 24, 2018 20:08:34.02 [9708:3576:0924/200832.820:ERROR:in_progress_cache_impl.cc(192)] Cache is not initialized, cannot RetrieveEntry.
set 24, 2018 20:08:34.12 [9708:3576:0924/200832.820:ERROR:in_progress_cache_impl.cc(192)] Cache is not initialized, cannot RetrieveEntry.
set 24, 2018 20:08:34.19 [9708:3576:0924/200832.820:ERROR:in_progress_cache_impl.cc(192)] Cache is not initialized, cannot RetrieveEntry.
set 24, 2018 20:08:34.20 [9708:3576:0924/200832.820:ERROR:in_progress_cache_impl.cc(192)] Cache is not initialized, cannot RetrieveEntry.
set 24, 2018 20:08:34.21 [9708:3576:0924/200832.820:ERROR:in_progress_cache_impl.cc(192)] Cache is not initialized, cannot RetrieveEntry.
set 24, 2018 20:08:34.23 [9708:3576:0924/200832.820:ERROR:in_progress_cache_impl.cc(192)] Cache is not initialized, cannot RetrieveEntry.
set 24, 2018 20:08:34.25 [9708:3576:0924/200832.820:ERROR:in_progress_cache_impl.cc(192)] Cache is not initialized, cannot RetrieveEntry.
set 24, 2018 20:08:34.27 [9708:3576:0924/200832.820:ERROR:in_progress_cache_impl.cc(192)] Cache is not initialized, cannot RetrieveEntry.
set 24, 2018 20:08:34.28 [9708:3576:0924/200832.820:ERROR:in_progress_cache_impl.cc(192)] Cache is not initialized, cannot RetrieveEntry.
set 24, 2018 20:08:34.29 [9708:3576:0924/200832.820:ERROR:in_progress_cache_impl.cc(192)] Cache is not initialized, cannot RetrieveEntry.
set 24, 2018 20:08:34.31 [9708:3576:0924/200832.820:ERROR:in_progress_cache_impl.cc(192)] Cache is not initialized, cannot RetrieveEntry.
set 24, 2018 20:08:34.32 [9708:3576:0924/200832.820:ERROR:in_progress_cache_impl.cc(192)] Cache is not initialized, cannot RetrieveEntry.
set 24, 2018 20:08:34.39 [9708:3576:0924/200832.820:ERROR:in_progress_cache_impl.cc(192)] Cache is not initialized, cannot RetrieveEntry.
set 24, 2018 20:08:34.45 [9708:3576:0924/200832.820:ERROR:in_progress_cache_impl.cc(192)] Cache is not initialized, cannot RetrieveEntry.
set 24, 2018 20:08:34.52 [9708:3576:0924/200832.820:ERROR:in_progress_cache_impl.cc(192)] Cache is not initialized, cannot RetrieveEntry.
set 24, 2018 20:08:34.53 [9708:3576:0924/200832.820:ERROR:in_progress_cache_impl.cc(192)] Cache is not initialized, cannot RetrieveEntry.
set 24, 2018 20:08:34.53 [9708:3576:0924/200832.820:ERROR:in_progress_cache_impl.cc(192)] Cache is not initialized, cannot RetrieveEntry.
set 24, 2018 20:08:34.54 [9708:3576:0924/200832.820:ERROR:in_progress_cache_impl.cc(192)] Cache is not initialized, cannot RetrieveEntry.
set 24, 2018 20:08:34.55 [9708:3576:0924/200832.820:ERROR:in_progress_cache_impl.cc(192)] Cache is not initialized, cannot RetrieveEntry.
set 24, 2018 20:08:34.58 [9708:3576:0924/200832.820:ERROR:in_progress_cache_impl.cc(192)] Cache is not initialized, cannot RetrieveEntry.
set 24, 2018 20:08:34.60 [9708:3576:0924/200832.820:ERROR:in_progress_cache_impl.cc(192)] Cache is not initialized, cannot RetrieveEntry.
set 24, 2018 20:08:34.63 [9708:3576:0924/200832.820:ERROR:in_progress_cache_impl.cc(192)] Cache is not initialized, cannot RetrieveEntry.
set 24, 2018 20:08:34.65 [9708:3576:0924/200832.820:ERROR:in_progress_cache_impl.cc(192)] Cache is not initialized, cannot RetrieveEntry.
set 24, 2018 20:08:34.66 [9708:3576:0924/200832.820:ERROR:in_progress_cache_impl.cc(192)] Cache is not initialized, cannot RetrieveEntry.
set 24, 2018 20:08:34.67 [9708:3576:0924/200832.820:ERROR:in_progress_cache_impl.cc(192)] Cache is not initialized, cannot RetrieveEntry.
set 24, 2018 20:08:34.68 [9708:3576:0924/200832.820:ERROR:in_progress_cache_impl.cc(192)] Cache is not initialized, cannot RetrieveEntry.
set 24, 2018 20:08:34.69 [9708:3576:0924/200832.820:ERROR:in_progress_cache_impl.cc(192)] Cache is not initialized, cannot RetrieveEntry.
set 24, 2018 20:08:34.70 [9708:3576:0924/200832.820:ERROR:in_progress_cache_impl.cc(192)] Cache is not initialized, cannot RetrieveEntry.
set 24, 2018 20:08:34.71 [9708:3576:0924/200832.820:ERROR:in_progress_cache_impl.cc(192)] Cache is not initialized, cannot RetrieveEntry.
set 24, 2018 20:08:34.73 [9708:3576:0924/200832.820:ERROR:in_progress_cache_impl.cc(192)] Cache is not initialized, cannot RetrieveEntry.
set 24, 2018 20:08:34.74 [9708:3576:0924/200832.820:ERROR:in_progress_cache_impl.cc(192)] Cache is not initialized, cannot RetrieveEntry.
set 24, 2018 20:08:34.77 [9708:3576:0924/200832.820:ERROR:in_progress_cache_impl.cc(192)] Cache is not initialized, cannot RetrieveEntry.
set 24, 2018 20:08:34.78 [9708:3576:0924/200832.820:ERROR:in_progress_cache_impl.cc(192)] Cache is not initialized, cannot RetrieveEntry.
set 24, 2018 20:08:34.84 [9708:3576:0924/200832.820:ERROR:in_progress_cache_impl.cc(192)] Cache is not initialized, cannot RetrieveEntry.
set 24, 2018 20:08:34.88 [9708:3576:0924/200832.820:ERROR:in_progress_cache_impl.cc(192)] Cache is not initialized, cannot RetrieveEntry.
set 24, 2018 20:08:34.91 [9708:3576:0924/200832.820:ERROR:in_progress_cache_impl.cc(192)] Cache is not initialized, cannot RetrieveEntry.
set 24, 2018 20:08:34.92 [9708:3576:0924/200832.820:ERROR:in_progress_cache_impl.cc(192)] Cache is not initialized, cannot RetrieveEntry.
set 24, 2018 20:08:34.93 [9708:3576:0924/200832.820:ERROR:in_progress_cache_impl.cc(192)] Cache is not initialized, cannot RetrieveEntry.
set 24, 2018 20:08:55.03 [9708:9900:0924/200855.036:ERROR:connection_factory_impl.cc(396)] Failed to connect to MCS endpoint with error -118
set 24, 2018 20:11:48.27 [9708:9900:0924/201148.278:ERROR:connection_factory_impl.cc(396)] Failed to connect to MCS endpoint with error -21
set 24, 2018 20:28:13.26 [9708:9900:0924/202813.268:ERROR:connection_factory_impl.cc(396)] Failed to connect to MCS endpoint with error -21
set 24, 2018 20:35:58.66 [9708:9900:0924/203558.665:ERROR:connection_factory_impl.cc(396)] Failed to connect to MCS endpoint with error -106
set 24, 2018 20:36:03.77 [9708:9900:0924/203603.770:ERROR:connection_factory_impl.cc(396)] Failed to connect to MCS endpoint with error -21
set 24, 2018 20:36:27.77 [9708:9900:0924/203627.778:ERROR:connection_factory_impl.cc(396)] Failed to connect to MCS endpoint with error -118
set 24, 2018 20:49:13.33 [9708:9900:0924/204913.331:ERROR:connection_factory_impl.cc(396)] Failed to connect to MCS endpoint with error -118
set 24, 2018 22:06:27.20 [6408:1668:0924/220627.198:ERROR:in_progress_cache_impl.cc(192)] Cache is not initialized, cannot RetrieveEntry.
set 24, 2018 22:06:27.22 [6408:1668:0924/220627.199:ERROR:in_progress_cache_impl.cc(192)] Cache is not initialized, cannot RetrieveEntry.
set 24, 2018 22:06:27.23 [6408:1668:0924/220627.199:ERROR:in_progress_cache_impl.cc(192)] Cache is not initialized, cannot RetrieveEntry.
set 24, 2018 22:06:27.24 [6408:1668:0924/220627.199:ERROR:in_progress_cache_impl.cc(192)] Cache is not initialized, cannot RetrieveEntry.
set 24, 2018 22:06:27.25 [6408:1668:0924/220627.199:ERROR:in_progress_cache_impl.cc(192)] Cache is not initialized, cannot RetrieveEntry.
set 24, 2018 22:06:27.32 [6408:1668:0924/220627.199:ERROR:in_progress_cache_impl.cc(192)] Cache is not initialized, cannot RetrieveEntry.
set 24, 2018 22:06:27.34 [6408:1668:0924/220627.199:ERROR:in_progress_cache_impl.cc(192)] Cache is not initialized, cannot RetrieveEntry.
set 24, 2018 22:06:27.47 [6408:1668:0924/220627.199:ERROR:in_progress_cache_impl.cc(192)] Cache is not initialized, cannot RetrieveEntry.
set 24, 2018 22:06:27.53 [6408:1668:0924/220627.199:ERROR:in_progress_cache_impl.cc(192)] Cache is not initialized, cannot RetrieveEntry.
set 24, 2018 22:06:27.59 [6408:1668:0924/220627.199:ERROR:in_progress_cache_impl.cc(192)] Cache is not initialized, cannot RetrieveEntry.
set 24, 2018 22:06:27.61 [6408:1668:0924/220627.199:ERROR:in_progress_cache_impl.cc(192)] Cache is not initialized, cannot RetrieveEntry.
set 24, 2018 22:06:27.65 [6408:1668:0924/220627.199:ERROR:in_progress_cache_impl.cc(192)] Cache is not initialized, cannot RetrieveEntry.
set 24, 2018 22:06:27.68 [6408:1668:0924/220627.199:ERROR:in_progress_cache_impl.cc(192)] Cache is not initialized, cannot RetrieveEntry.
set 24, 2018 22:06:27.71 [6408:1668:0924/220627.199:ERROR:in_progress_cache_impl.cc(192)] Cache is not initialized, cannot RetrieveEntry.
set 24, 2018 22:06:27.78 [6408:1668:0924/220627.199:ERROR:in_progress_cache_impl.cc(192)] Cache is not initialized, cannot RetrieveEntry.
set 24, 2018 22:06:27.82 [6408:1668:0924/220627.199:ERROR:in_progress_cache_impl.cc(192)] Cache is not initialized, cannot RetrieveEntry.
set 24, 2018 22:06:27.86 [6408:1668:0924/220627.199:ERROR:in_progress_cache_impl.cc(192)] Cache is not initialized, cannot RetrieveEntry.
set 24, 2018 22:06:27.89 [6408:1668:0924/220627.199:ERROR:in_progress_cache_impl.cc(192)] Cache is not initialized, cannot RetrieveEntry.
set 24, 2018 22:06:27.92 [6408:1668:0924/220627.199:ERROR:in_progress_cache_impl.cc(192)] Cache is not initialized, cannot RetrieveEntry.
set 24, 2018 22:06:27.95 [6408:1668:0924/220627.199:ERROR:in_progress_cache_impl.cc(192)] Cache is not initialized, cannot RetrieveEntry.
set 24, 2018 22:06:27.97 [6408:1668:0924/220627.199:ERROR:in_progress_cache_impl.cc(192)] Cache is not initialized, cannot RetrieveEntry.
set 24, 2018 22:06:27.98 [6408:1668:0924/220627.199:ERROR:in_progress_cache_impl.cc(192)] Cache is not initialized, cannot RetrieveEntry.
set 24, 2018 22:06:27.99 [6408:1668:0924/220627.199:ERROR:in_progress_cache_impl.cc(192)] Cache is not initialized, cannot RetrieveEntry.
set 24, 2018 22:06:28.00 [6408:1668:0924/220627.199:ERROR:in_progress_cache_impl.cc(192)] Cache is not initialized, cannot RetrieveEntry.
set 24, 2018 22:06:28.02 [6408:1668:0924/220627.199:ERROR:in_progress_cache_impl.cc(192)] Cache is not initialized, cannot RetrieveEntry.
set 24, 2018 22:06:28.03 [6408:1668:0924/220627.199:ERROR:in_progress_cache_impl.cc(192)] Cache is not initialized, cannot RetrieveEntry.
set 24, 2018 22:06:28.10 [6408:1668:0924/220627.199:ERROR:in_progress_cache_impl.cc(192)] Cache is not initialized, cannot RetrieveEntry.
set 24, 2018 22:06:28.15 [6408:1668:0924/220627.199:ERROR:in_progress_cache_impl.cc(192)] Cache is not initialized, cannot RetrieveEntry.
set 24, 2018 22:06:28.17 [6408:1668:0924/220627.199:ERROR:in_progress_cache_impl.cc(192)] Cache is not initialized, cannot RetrieveEntry.
set 24, 2018 22:06:28.20 [6408:1668:0924/220627.199:ERROR:in_progress_cache_impl.cc(192)] Cache is not initialized, cannot RetrieveEntry.
set 24, 2018 22:06:28.24 [6408:1668:0924/220627.199:ERROR:in_progress_cache_impl.cc(192)] Cache is not initialized, cannot RetrieveEntry.
set 24, 2018 22:06:28.29 [6408:1668:0924/220627.200:ERROR:in_progress_cache_impl.cc(192)] Cache is not initialized, cannot RetrieveEntry.
set 24, 2018 22:06:28.37 [6408:1668:0924/220627.200:ERROR:in_progress_cache_impl.cc(192)] Cache is not initialized, cannot RetrieveEntry.
set 24, 2018 22:06:28.41 [6408:1668:0924/220627.200:ERROR:in_progress_cache_impl.cc(192)] Cache is not initialized, cannot RetrieveEntry.
set 24, 2018 22:06:28.42 [6408:1668:0924/220627.200:ERROR:in_progress_cache_impl.cc(192)] Cache is not initialized, cannot RetrieveEntry.
set 24, 2018 22:06:28.44 [6408:1668:0924/220627.200:ERROR:in_progress_cache_impl.cc(192)] Cache is not initialized, cannot RetrieveEntry.
set 24, 2018 22:06:28.46 [6408:1668:0924/220627.200:ERROR:in_progress_cache_impl.cc(192)] Cache is not initialized, cannot RetrieveEntry.
set 24, 2018 22:06:28.47 [6408:1668:0924/220627.200:ERROR:in_progress_cache_impl.cc(192)] Cache is not initialized, cannot RetrieveEntry.
set 24, 2018 22:06:28.49 [6408:1668:0924/220627.200:ERROR:in_progress_cache_impl.cc(192)] Cache is not initialized, cannot RetrieveEntry.
set 24, 2018 22:06:28.50 [6408:1668:0924/220627.200:ERROR:in_progress_cache_impl.cc(192)] Cache is not initialized, cannot RetrieveEntry.
set 24, 2018 22:06:28.52 [6408:1668:0924/220627.200:ERROR:in_progress_cache_impl.cc(192)] Cache is not initialized, cannot RetrieveEntry.
set 24, 2018 22:06:28.53 [6408:1668:0924/220627.200:ERROR:in_progress_cache_impl.cc(192)] Cache is not initialized, cannot RetrieveEntry.
set 24, 2018 22:06:28.54 [6408:1668:0924/220627.200:ERROR:in_progress_cache_impl.cc(192)] Cache is not initialized, cannot RetrieveEntry.
set 24, 2018 22:06:28.55 [6408:1668:0924/220627.200:ERROR:in_progress_cache_impl.cc(192)] Cache is not initialized, cannot RetrieveEntry.
set 24, 2018 22:06:28.65 [6408:1668:0924/220627.200:ERROR:in_progress_cache_impl.cc(192)] Cache is not initialized, cannot RetrieveEntry.
set 24, 2018 22:06:28.66 [6408:1668:0924/220627.200:ERROR:in_progress_cache_impl.cc(192)] Cache is not initialized, cannot RetrieveEntry.
set 24, 2018 22:06:28.66 [6408:1668:0924/220627.200:ERROR:in_progress_cache_impl.cc(192)] Cache is not initialized, cannot RetrieveEntry.
set 24, 2018 22:06:28.67 [6408:1668:0924/220627.200:ERROR:in_progress_cache_impl.cc(192)] Cache is not initialized, cannot RetrieveEntry.
set 24, 2018 22:06:28.68 [6408:1668:0924/220627.200:ERROR:in_progress_cache_impl.cc(192)] Cache is not initialized, cannot RetrieveEntry.
set 24, 2018 22:06:28.69 [6408:1668:0924/220627.200:ERROR:in_progress_cache_impl.cc(192)] Cache is not initialized, cannot RetrieveEntry.
set 24, 2018 22:06:28.70 [6408:1668:0924/220627.200:ERROR:in_progress_cache_impl.cc(192)] Cache is not initialized, cannot RetrieveEntry.
set 24, 2018 22:06:28.71 [6408:1668:0924/220627.200:ERROR:in_progress_cache_impl.cc(192)] Cache is not initialized, cannot RetrieveEntry.
set 24, 2018 22:06:28.72 [6408:1668:0924/220627.200:ERROR:in_progress_cache_impl.cc(192)] Cache is not initialized, cannot RetrieveEntry.
set 24, 2018 22:06:28.78 [6408:1668:0924/220627.200:ERROR:in_progress_cache_impl.cc(192)] Cache is not initialized, cannot RetrieveEntry.
set 24, 2018 22:06:28.85 [6408:1668:0924/220627.200:ERROR:in_progress_cache_impl.cc(192)] Cache is not initialized, cannot RetrieveEntry.
set 24, 2018 22:06:28.90 [6408:1668:0924/220627.200:ERROR:in_progress_cache_impl.cc(192)] Cache is not initialized, cannot RetrieveEntry.
set 24, 2018 22:06:28.92 [6408:1668:0924/220627.200:ERROR:in_progress_cache_impl.cc(192)] Cache is not initialized, cannot RetrieveEntry.
set 24, 2018 22:06:28.95 [6408:1668:0924/220627.200:ERROR:in_progress_cache_impl.cc(192)] Cache is not initialized, cannot RetrieveEntry.
set 24, 2018 22:06:28.99 [6408:1668:0924/220627.200:ERROR:in_progress_cache_impl.cc(192)] Cache is not initialized, cannot RetrieveEntry.
set 24, 2018 22:06:49.22 [6408:3888:0924/220649.220:ERROR:connection_factory_impl.cc(396)] Failed to connect to MCS endpoint with error -118

set 25, 2018 19:01:08.01 NEW SESSION
set 25, 2018 19:01:08.02 [10084:1072:0925/190108.017:ERROR:in_progress_cache_impl.cc(192)] Cache is not initialized, cannot RetrieveEntry.
set 25, 2018 19:01:08.04 [10084:1072:0925/190108.017:ERROR:in_progress_cache_impl.cc(192)] Cache is not initialized, cannot RetrieveEntry.
set 25, 2018 19:01:08.18 [10084:1072:0925/190108.017:ERROR:in_progress_cache_impl.cc(192)] Cache is not initialized, cannot RetrieveEntry.
set 25, 2018 19:01:08.21 [10084:1072:0925/190108.017:ERROR:in_progress_cache_impl.cc(192)] Cache is not initialized, cannot RetrieveEntry.
set 25, 2018 19:01:08.24 [10084:1072:0925/190108.017:ERROR:in_progress_cache_impl.cc(192)] Cache is not initialized, cannot RetrieveEntry.
set 25, 2018 19:01:08.27 [10084:1072:0925/190108.017:ERROR:in_progress_cache_impl.cc(192)] Cache is not initialized, cannot RetrieveEntry.
set 25, 2018 19:01:08.29 [10084:1072:0925/190108.017:ERROR:in_progress_cache_impl.cc(192)] Cache is not initialized, cannot RetrieveEntry.
set 25, 2018 19:01:08.31 [10084:1072:0925/190108.018:ERROR:in_progress_cache_impl.cc(192)] Cache is not initialized, cannot RetrieveEntry.
set 25, 2018 19:01:08.33 [10084:1072:0925/190108.018:ERROR:in_progress_cache_impl.cc(192)] Cache is not initialized, cannot RetrieveEntry.
set 25, 2018 19:01:08.34 [10084:1072:0925/190108.018:ERROR:in_progress_cache_impl.cc(192)] Cache is not initialized, cannot RetrieveEntry.
set 25, 2018 19:01:08.36 [10084:1072:0925/190108.018:ERROR:in_progress_cache_impl.cc(192)] Cache is not initialized, cannot RetrieveEntry.
set 25, 2018 19:01:08.37 [10084:1072:0925/190108.018:ERROR:in_progress_cache_impl.cc(192)] Cache is not initialized, cannot RetrieveEntry.
set 25, 2018 19:01:08.38 [10084:1072:0925/190108.018:ERROR:in_progress_cache_impl.cc(192)] Cache is not initialized, cannot RetrieveEntry.
set 25, 2018 19:01:08.39 [10084:1072:0925/190108.018:ERROR:in_progress_cache_impl.cc(192)] Cache is not initialized, cannot RetrieveEntry.
set 25, 2018 19:01:08.40 [10084:1072:0925/190108.018:ERROR:in_progress_cache_impl.cc(192)] Cache is not initialized, cannot RetrieveEntry.
set 25, 2018 19:01:08.41 [10084:1072:0925/190108.018:ERROR:in_progress_cache_impl.cc(192)] Cache is not initialized, cannot RetrieveEntry.
set 25, 2018 19:01:08.42 [10084:1072:0925/190108.018:ERROR:in_progress_cache_impl.cc(192)] Cache is not initialized, cannot RetrieveEntry.
set 25, 2018 19:01:08.43 [10084:1072:0925/190108.018:ERROR:in_progress_cache_impl.cc(192)] Cache is not initialized, cannot RetrieveEntry.
set 25, 2018 19:01:08.44 [10084:1072:0925/190108.018:ERROR:in_progress_cache_impl.cc(192)] Cache is not initialized, cannot RetrieveEntry.
set 25, 2018 19:01:08.45 [10084:1072:0925/190108.018:ERROR:in_progress_cache_impl.cc(192)] Cache is not initialized, cannot RetrieveEntry.
set 25, 2018 19:01:08.49 [10084:1072:0925/190108.018:ERROR:in_progress_cache_impl.cc(192)] Cache is not initialized, cannot RetrieveEntry.
set 25, 2018 19:01:08.50 [10084:1072:0925/190108.018:ERROR:in_progress_cache_impl.cc(192)] Cache is not initialized, cannot RetrieveEntry.
set 25, 2018 19:01:08.52 [10084:1072:0925/190108.018:ERROR:in_progress_cache_impl.cc(192)] Cache is not initialized, cannot RetrieveEntry.
set 25, 2018 19:01:08.53 [10084:1072:0925/190108.018:ERROR:in_progress_cache_impl.cc(192)] Cache is not initialized, cannot RetrieveEntry.
set 25, 2018 19:01:08.58 [10084:1072:0925/190108.018:ERROR:in_progress_cache_impl.cc(192)] Cache is not initialized, cannot RetrieveEntry.
set 25, 2018 19:01:08.60 [10084:1072:0925/190108.018:ERROR:in_progress_cache_impl.cc(192)] Cache is not initialized, cannot RetrieveEntry.
set 25, 2018 19:01:08.62 [10084:1072:0925/190108.018:ERROR:in_progress_cache_impl.cc(192)] Cache is not initialized, cannot RetrieveEntry.
set 25, 2018 19:01:08.65 [10084:1072:0925/190108.018:ERROR:in_progress_cache_impl.cc(192)] Cache is not initialized, cannot RetrieveEntry.
set 25, 2018 19:01:08.76 [10084:1072:0925/190108.018:ERROR:in_progress_cache_impl.cc(192)] Cache is not initialized, cannot RetrieveEntry.
set 25, 2018 19:01:08.82 [10084:1072:0925/190108.018:ERROR:in_progress_cache_impl.cc(192)] Cache is not initialized, cannot RetrieveEntry.
set 25, 2018 19:01:08.86 [10084:1072:0925/190108.018:ERROR:in_progress_cache_impl.cc(192)] Cache is not initialized, cannot RetrieveEntry.
set 25, 2018 19:01:08.88 [10084:1072:0925/190108.018:ERROR:in_progress_cache_impl.cc(192)] Cache is not initialized, cannot RetrieveEntry.
set 25, 2018 19:01:08.91 [10084:1072:0925/190108.018:ERROR:in_progress_cache_impl.cc(192)] Cache is not initialized, cannot RetrieveEntry.
set 25, 2018 19:01:08.96 [10084:1072:0925/190108.018:ERROR:in_progress_cache_impl.cc(192)] Cache is not initialized, cannot RetrieveEntry.
set 25, 2018 19:01:09.02 [10084:1072:0925/190108.018:ERROR:in_progress_cache_impl.cc(192)] Cache is not initialized, cannot RetrieveEntry.
set 25, 2018 19:01:09.04 [10084:1072:0925/190108.018:ERROR:in_progress_cache_impl.cc(192)] Cache is not initialized, cannot RetrieveEntry.
set 25, 2018 19:01:09.05 [10084:1072:0925/190108.019:ERROR:in_progress_cache_impl.cc(192)] Cache is not initialized, cannot RetrieveEntry.
set 25, 2018 19:01:09.08 [10084:1072:0925/190108.042:ERROR:in_progress_cache_impl.cc(192)] Cache is not initialized, cannot RetrieveEntry.
set 25, 2018 19:01:09.10 [10084:1072:0925/190108.042:ERROR:in_progress_cache_impl.cc(192)] Cache is not initialized, cannot RetrieveEntry.
set 25, 2018 19:01:09.13 [10084:1072:0925/190108.042:ERROR:in_progress_cache_impl.cc(192)] Cache is not initialized, cannot RetrieveEntry.
set 25, 2018 19:01:09.16 [10084:1072:0925/190108.042:ERROR:in_progress_cache_impl.cc(192)] Cache is not initialized, cannot RetrieveEntry.
set 25, 2018 19:01:09.18 [10084:1072:0925/190108.042:ERROR:in_progress_cache_impl.cc(192)] Cache is not initialized, cannot RetrieveEntry.
set 25, 2018 19:01:09.19 [10084:1072:0925/190108.042:ERROR:in_progress_cache_impl.cc(192)] Cache is not initialized, cannot RetrieveEntry.
set 25, 2018 19:01:09.20 [10084:1072:0925/190108.042:ERROR:in_progress_cache_impl.cc(192)] Cache is not initialized, cannot RetrieveEntry.
set 25, 2018 19:01:09.23 [10084:1072:0925/190108.042:ERROR:in_progress_cache_impl.cc(192)] Cache is not initialized, cannot RetrieveEntry.
set 25, 2018 19:01:09.29 [10084:1072:0925/190108.042:ERROR:in_progress_cache_impl.cc(192)] Cache is not initialized, cannot RetrieveEntry.
set 25, 2018 19:01:09.30 [10084:1072:0925/190108.042:ERROR:in_progress_cache_impl.cc(192)] Cache is not initialized, cannot RetrieveEntry.
set 25, 2018 19:01:09.32 [10084:1072:0925/190108.042:ERROR:in_progress_cache_impl.cc(192)] Cache is not initialized, cannot RetrieveEntry.
set 25, 2018 19:01:09.33 [10084:1072:0925/190108.042:ERROR:in_progress_cache_impl.cc(192)] Cache is not initialized, cannot RetrieveEntry.
set 25, 2018 19:01:09.34 [10084:1072:0925/190108.042:ERROR:in_progress_cache_impl.cc(192)] Cache is not initialized, cannot RetrieveEntry.
set 25, 2018 19:01:09.36 [10084:1072:0925/190108.042:ERROR:in_progress_cache_impl.cc(192)] Cache is not initialized, cannot RetrieveEntry.
set 25, 2018 19:01:09.37 [10084:1072:0925/190108.042:ERROR:in_progress_cache_impl.cc(192)] Cache is not initialized, cannot RetrieveEntry.
set 25, 2018 19:01:09.40 [10084:1072:0925/190108.042:ERROR:in_progress_cache_impl.cc(192)] Cache is not initialized, cannot RetrieveEntry.
set 25, 2018 19:01:09.42 [10084:1072:0925/190108.042:ERROR:in_progress_cache_impl.cc(192)] Cache is not initialized, cannot RetrieveEntry.
set 25, 2018 19:01:09.43 [10084:1072:0925/190108.042:ERROR:in_progress_cache_impl.cc(192)] Cache is not initialized, cannot RetrieveEntry.
set 25, 2018 19:01:09.47 [10084:1072:0925/190108.042:ERROR:in_progress_cache_impl.cc(192)] Cache is not initialized, cannot RetrieveEntry.
set 25, 2018 19:01:09.49 [10084:1072:0925/190108.042:ERROR:in_progress_cache_impl.cc(192)] Cache is not initialized, cannot RetrieveEntry.
set 25, 2018 19:01:09.50 [10084:1072:0925/190108.042:ERROR:in_progress_cache_impl.cc(192)] Cache is not initialized, cannot RetrieveEntry.
set 25, 2018 19:01:09.52 [10084:1072:0925/190108.042:ERROR:in_progress_cache_impl.cc(192)] Cache is not initialized, cannot RetrieveEntry.
set 25, 2018 19:01:30.19 [10084:8872:0925/190130.195:ERROR:connection_factory_impl.cc(396)] Failed to connect to MCS endpoint with error -118
set 25, 2018 19:04:16.52 [10084:8872:0925/190416.520:ERROR:connection_factory_impl.cc(396)] Failed to connect to MCS endpoint with error -21
set 25, 2018 19:07:24.00 [10084:8872:0925/190724.003:ERROR:connection_factory_impl.cc(396)] Failed to connect to MCS endpoint with error -21
set 25, 2018 19:12:24.01 [10084:8872:0925/191224.010:ERROR:connection_factory_impl.cc(396)] Failed to connect to MCS endpoint with error -21
set 25, 2018 19:17:31.98 [10084:8872:0925/191731.983:ERROR:connection_factory_impl.cc(396)] Failed to connect to MCS endpoint with error -21
set 25, 2018 19:20:39.50 [10084:8872:0925/192039.508:ERROR:connection_factory_impl.cc(396)] Failed to connect to MCS endpoint with error -21
set 25, 2018 19:24:51.00 [10084:8872:0925/192451.002:ERROR:connection_factory_impl.cc(396)] Failed to connect to MCS endpoint with error -21
set 25, 2018 19:25:45.93 [10084:1072:0925/192545.930:ERROR:CONSOLE(6)] "Uncaught ReferenceError: gbar is not defined", source: https://clients5.google.com/pagead/drt/dn/ (6)
set 25, 2018 19:33:08.52 [10084:1072:0925/193308.529:ERROR:CONSOLE(6)] "Uncaught ReferenceError: gbar is not defined", source: https://clients5.google.com/pagead/drt/dn/ (6)
set 25, 2018 19:34:01.50 [10084:8872:0925/193401.500:ERROR:connection_factory_impl.cc(396)] Failed to connect to MCS endpoint with error -21
set 25, 2018 19:44:24.50 [10084:8872:0925/194424.507:ERROR:connection_factory_impl.cc(396)] Failed to connect to MCS endpoint with error -21
set 25, 2018 19:48:32.03 [10084:8872:0925/194832.031:ERROR:connection_factory_impl.cc(396)] Failed to connect to MCS endpoint with error -21
set 25, 2018 19:54:30.99 [10084:8872:0925/195430.995:ERROR:connection_factory_impl.cc(396)] Failed to connect to MCS endpoint with error -21
set 25, 2018 19:56:52.89 [10084:1072:0925/195652.897:ERROR:CONSOLE(6)] "Uncaught ReferenceError: gbar is not defined", source: https://clients5.google.com/pagead/drt/dn/ (6)
set 25, 2018 19:59:38.50 [10084:8872:0925/195938.500:ERROR:connection_factory_impl.cc(396)] Failed to connect to MCS endpoint with error -21
set 25, 2018 20:03:42.50 [10084:8872:0925/200342.503:ERROR:connection_factory_impl.cc(396)] Failed to connect to MCS endpoint with error -21
set 25, 2018 20:06:54.00 [10084:8872:0925/200654.001:ERROR:connection_factory_impl.cc(396)] Failed to connect to MCS endpoint with error -21
set 25, 2018 20:09:54.00 [10084:8872:0925/200954.002:ERROR:connection_factory_impl.cc(396)] Failed to connect to MCS endpoint with error -21
set 25, 2018 20:15:05.50 [10084:8872:0925/201505.505:ERROR:connection_factory_impl.cc(396)] Failed to connect to MCS endpoint with error -21
set 25, 2018 20:16:26.40 [10084:8872:0925/201626.403:ERROR:ssl_client_socket_impl.cc(1050)] handshake failed; returned -1, SSL error code 1, net_error -100
set 25, 2018 20:16:31.34 [10084:8872:0925/201631.345:ERROR:ssl_client_socket_impl.cc(1050)] handshake failed; returned -1, SSL error code 1, net_error -100
set 25, 2018 20:19:09.01 [10084:8872:0925/201909.010:ERROR:connection_factory_impl.cc(396)] Failed to connect to MCS endpoint with error -21
set 25, 2018 20:24:13.02 [10084:8872:0925/202413.022:ERROR:connection_factory_impl.cc(396)] Failed to connect to MCS endpoint with error -21
set 25, 2018 20:26:17.00 [10084:8872:0925/202617.001:ERROR:connection_factory_impl.cc(396)] Failed to connect to MCS endpoint with error -21
set 25, 2018 20:28:17.60 [10084:8872:0925/202817.599:ERROR:extension_protocols.cc(565)] Allowing load of chrome-extension://cfhdojbkjhnklbpkdaibdccddilifddb/include.preload.js.mapfrom unknown origin. Could not find user data for request.
set 25, 2018 20:28:17.61 [10084:8872:0925/202817.606:ERROR:extension_protocols.cc(565)] Allowing load of chrome-extension://cfhdojbkjhnklbpkdaibdccddilifddb/include.postload.js.mapfrom unknown origin. Could not find user data for request.
set 25, 2018 20:28:21.00 [10084:8872:0925/202821.002:ERROR:connection_factory_impl.cc(396)] Failed to connect to MCS endpoint with error -21
set 25, 2018 20:28:24.92 [10084:8872:0925/202824.919:ERROR:extension_protocols.cc(565)] Allowing load of chrome-extension://cfhdojbkjhnklbpkdaibdccddilifddb/include.preload.js.mapfrom unknown origin. Could not find user data for request.
set 25, 2018 20:28:25.14 [10084:8872:0925/202825.141:ERROR:extension_protocols.cc(565)] Allowing load of chrome-extension://cfhdojbkjhnklbpkdaibdccddilifddb/include.postload.js.mapfrom unknown origin. Could not find user data for request.
set 25, 2018 20:29:20.82 [10084:8872:0925/202920.826:ERROR:extension_protocols.cc(565)] Allowing load of chrome-extension://cfhdojbkjhnklbpkdaibdccddilifddb/include.preload.js.mapfrom unknown origin. Could not find user data for request.
set 25, 2018 20:29:21.03 [10084:8872:0925/202921.030:ERROR:extension_protocols.cc(565)] Allowing load of chrome-extension://cfhdojbkjhnklbpkdaibdccddilifddb/include.postload.js.mapfrom unknown origin. Could not find user data for request.
set 25, 2018 20:31:24.51 [10084:8872:0925/203124.517:ERROR:connection_factory_impl.cc(396)] Failed to connect to MCS endpoint with error -21
set 25, 2018 20:34:32.51 [10084:8872:0925/203432.510:ERROR:connection_factory_impl.cc(396)] Failed to connect to MCS endpoint with error -21
set 25, 2018 20:41:33.57 [10084:8872:0925/204133.570:ERROR:extension_protocols.cc(565)] Allowing load of chrome-extension://cfhdojbkjhnklbpkdaibdccddilifddb/include.postload.js.mapfrom unknown origin. Could not find user data for request.
set 25, 2018 20:41:33.60 [10084:8872:0925/204133.580:ERROR:extension_protocols.cc(565)] Allowing load of chrome-extension://cfhdojbkjhnklbpkdaibdccddilifddb/include.preload.js.mapfrom unknown origin. Could not find user data for request.
set 25, 2018 20:41:40.01 [10084:8872:0925/204140.008:ERROR:connection_factory_impl.cc(396)] Failed to connect to MCS endpoint with error -21
set 25, 2018 20:41:48.43 [10084:8872:0925/204148.431:ERROR:extension_protocols.cc(565)] Allowing load of chrome-extension://cfhdojbkjhnklbpkdaibdccddilifddb/include.preload.js.mapfrom unknown origin. Could not find user data for request.
set 25, 2018 20:41:49.41 [10084:8872:0925/204149.413:ERROR:extension_protocols.cc(565)] Allowing load of chrome-extension://cfhdojbkjhnklbpkdaibdccddilifddb/include.postload.js.mapfrom unknown origin. Could not find user data for request.
set 25, 2018 20:42:13.99 [10084:8872:0925/204213.990:ERROR:extension_protocols.cc(565)] Allowing load of chrome-extension://cfhdojbkjhnklbpkdaibdccddilifddb/include.preload.js.mapfrom unknown origin. Could not find user data for request.
set 25, 2018 20:42:14.60 [10084:8872:0925/204214.608:ERROR:extension_protocols.cc(565)] Allowing load of chrome-extension://cfhdojbkjhnklbpkdaibdccddilifddb/include.postload.js.mapfrom unknown origin. Could not find user data for request.
set 25, 2018 20:42:54.74 [10084:8872:0925/204254.740:ERROR:extension_protocols.cc(565)] Allowing load of chrome-extension://cfhdojbkjhnklbpkdaibdccddilifddb/include.preload.js.mapfrom unknown origin. Could not find user data for request.
set 25, 2018 20:42:55.53 [10084:8872:0925/204255.538:ERROR:extension_protocols.cc(565)] Allowing load of chrome-extension://cfhdojbkjhnklbpkdaibdccddilifddb/include.postload.js.mapfrom unknown origin. Could not find user data for request.
set 25, 2018 20:43:05.08 [10084:8872:0925/204305.086:ERROR:extension_protocols.cc(565)] Allowing load of chrome-extension://cfhdojbkjhnklbpkdaibdccddilifddb/include.preload.js.mapfrom unknown origin. Could not find user data for request.
set 25, 2018 20:43:05.48 [10084:8872:0925/204305.481:ERROR:extension_protocols.cc(565)] Allowing load of chrome-extension://cfhdojbkjhnklbpkdaibdccddilifddb/include.postload.js.mapfrom unknown origin. Could not find user data for request.
set 25, 2018 20:43:07.29 [10084:8872:0925/204307.297:ERROR:extension_protocols.cc(565)] Allowing load of chrome-extension://cfhdojbkjhnklbpkdaibdccddilifddb/include.preload.js.mapfrom unknown origin. Could not find user data for request.
set 25, 2018 20:43:07.63 [10084:8872:0925/204307.631:ERROR:extension_protocols.cc(565)] Allowing load of chrome-extension://cfhdojbkjhnklbpkdaibdccddilifddb/include.postload.js.mapfrom unknown origin. Could not find user data for request.
set 25, 2018 20:43:46.65 [10084:8872:0925/204346.656:ERROR:extension_protocols.cc(565)] Allowing load of chrome-extension://cfhdojbkjhnklbpkdaibdccddilifddb/include.preload.js.mapfrom unknown origin. Could not find user data for request.
set 25, 2018 20:43:47.00 [10084:8872:0925/204347.008:ERROR:extension_protocols.cc(565)] Allowing load of chrome-extension://cfhdojbkjhnklbpkdaibdccddilifddb/include.postload.js.mapfrom unknown origin. Could not find user data for request.
set 25, 2018 20:44:54.93 [10084:8872:0925/204454.935:ERROR:extension_protocols.cc(565)] Allowing load of chrome-extension://cfhdojbkjhnklbpkdaibdccddilifddb/include.preload.js.mapfrom unknown origin. Could not find user data for request.
set 25, 2018 20:44:55.33 [10084:8872:0925/204455.338:ERROR:extension_protocols.cc(565)] Allowing load of chrome-extension://cfhdojbkjhnklbpkdaibdccddilifddb/include.postload.js.mapfrom unknown origin. Could not find user data for request.
set 25, 2018 20:44:59.27 [10084:8872:0925/204459.269:ERROR:extension_protocols.cc(565)] Allowing load of chrome-extension://cfhdojbkjhnklbpkdaibdccddilifddb/include.preload.js.mapfrom unknown origin. Could not find user data for request.
set 25, 2018 20:44:59.74 [10084:8872:0925/204459.739:ERROR:extension_protocols.cc(565)] Allowing load of chrome-extension://cfhdojbkjhnklbpkdaibdccddilifddb/include.postload.js.mapfrom unknown origin. Could not find user data for request.
set 25, 2018 20:46:08.00 [10084:8872:0925/204608.005:ERROR:connection_factory_impl.cc(396)] Failed to connect to MCS endpoint with error -21
set 25, 2018 20:49:55.01 [10084:8872:0925/204955.013:ERROR:extension_protocols.cc(565)] Allowing load of chrome-extension://cfhdojbkjhnklbpkdaibdccddilifddb/include.preload.js.mapfrom unknown origin. Could not find user data for request.
set 25, 2018 20:49:55.07 [10084:8872:0925/204955.078:ERROR:extension_protocols.cc(565)] Allowing load of chrome-extension://cfhdojbkjhnklbpkdaibdccddilifddb/include.postload.js.mapfrom unknown origin. Could not find user data for request.
set 25, 2018 20:50:12.01 [10084:8872:0925/205012.012:ERROR:connection_factory_impl.cc(396)] Failed to connect to MCS endpoint with error -21
set 25, 2018 20:50:26.39 [10084:8872:0925/205026.397:ERROR:extension_protocols.cc(565)] Allowing load of chrome-extension://cfhdojbkjhnklbpkdaibdccddilifddb/include.preload.js.mapfrom unknown origin. Could not find user data for request.
set 25, 2018 20:50:26.42 [10084:8872:0925/205026.424:ERROR:extension_protocols.cc(565)] Allowing load of chrome-extension://cfhdojbkjhnklbpkdaibdccddilifddb/include.postload.js.mapfrom unknown origin. Could not find user data for request.
set 25, 2018 20:51:00.77 [10084:8872:0925/205100.770:ERROR:extension_protocols.cc(565)] Allowing load of chrome-extension://cfhdojbkjhnklbpkdaibdccddilifddb/include.preload.js.mapfrom unknown origin. Could not find user data for request.
set 25, 2018 20:51:00.80 [10084:8872:0925/205100.795:ERROR:extension_protocols.cc(565)] Allowing load of chrome-extension://cfhdojbkjhnklbpkdaibdccddilifddb/include.postload.js.mapfrom unknown origin. Could not find user data for request.
set 25, 2018 20:51:02.34 [10084:8872:0925/205102.346:ERROR:extension_protocols.cc(565)] Allowing load of chrome-extension://cfhdojbkjhnklbpkdaibdccddilifddb/include.preload.js.mapfrom unknown origin. Could not find user data for request.
set 25, 2018 20:51:02.38 [10084:8872:0925/205102.371:ERROR:extension_protocols.cc(565)] Allowing load of chrome-extension://cfhdojbkjhnklbpkdaibdccddilifddb/include.postload.js.mapfrom unknown origin. Could not find user data for request.
set 25, 2018 20:51:12.30 [10084:8872:0925/205112.308:ERROR:extension_protocols.cc(565)] Allowing load of chrome-extension://cfhdojbkjhnklbpkdaibdccddilifddb/include.preload.js.mapfrom unknown origin. Could not find user data for request.
set 25, 2018 20:51:13.47 [10084:8872:0925/205113.475:ERROR:extension_protocols.cc(565)] Allowing load of chrome-extension://cfhdojbkjhnklbpkdaibdccddilifddb/include.postload.js.mapfrom unknown origin. Could not find user data for request.
set 25, 2018 20:51:15.92 [10084:8872:0925/205115.922:ERROR:extension_protocols.cc(565)] Allowing load of chrome-extension://cfhdojbkjhnklbpkdaibdccddilifddb/include.preload.js.mapfrom unknown origin. Could not find user data for request.
set 25, 2018 20:51:16.23 [10084:8872:0925/205116.237:ERROR:extension_protocols.cc(565)] Allowing load of chrome-extension://cfhdojbkjhnklbpkdaibdccddilifddb/include.postload.js.mapfrom unknown origin. Could not find user data for request.
set 25, 2018 20:54:47.00 [10084:8872:0925/205447.007:ERROR:connection_factory_impl.cc(396)] Failed to connect to MCS endpoint with error -21
set 25, 2018 20:57:09.81 [10460:6048:0925/205709.805:ERROR:in_progress_cache_impl.cc(192)] Cache is not initialized, cannot RetrieveEntry.
set 25, 2018 20:57:09.88 [10460:6048:0925/205709.805:ERROR:in_progress_cache_impl.cc(192)] Cache is not initialized, cannot RetrieveEntry.
set 25, 2018 20:57:10.04 [10460:6048:0925/205709.805:ERROR:in_progress_cache_impl.cc(192)] Cache is not initialized, cannot RetrieveEntry.
set 25, 2018 20:57:10.11 [10460:6048:0925/205709.805:ERROR:in_progress_cache_impl.cc(192)] Cache is not initialized, cannot RetrieveEntry.
set 25, 2018 20:57:10.17 [10460:6048:0925/205709.805:ERROR:in_progress_cache_impl.cc(192)] Cache is not initialized, cannot RetrieveEntry.
set 25, 2018 20:57:10.21 [10460:6048:0925/205709.805:ERROR:in_progress_cache_impl.cc(192)] Cache is not initialized, cannot RetrieveEntry.
set 25, 2018 20:57:10.24 [10460:6048:0925/205709.805:ERROR:in_progress_cache_impl.cc(192)] Cache is not initialized, cannot RetrieveEntry.
set 25, 2018 20:57:10.29 [10460:6048:0925/205709.805:ERROR:in_progress_cache_impl.cc(192)] Cache is not initialized, cannot RetrieveEntry.
set 25, 2018 20:57:10.35 [10460:6048:0925/205709.805:ERROR:in_progress_cache_impl.cc(192)] Cache is not initialized, cannot RetrieveEntry.
set 25, 2018 20:57:10.39 [10460:6048:0925/205709.805:ERROR:in_progress_cache_impl.cc(192)] Cache is not initialized, cannot RetrieveEntry.
set 25, 2018 20:57:10.45 [10460:6048:0925/205709.805:ERROR:in_progress_cache_impl.cc(192)] Cache is not initialized, cannot RetrieveEntry.
set 25, 2018 20:57:10.48 [10460:6048:0925/205709.805:ERROR:in_progress_cache_impl.cc(192)] Cache is not initialized, cannot RetrieveEntry.
set 25, 2018 20:57:10.50 [10460:6048:0925/205709.805:ERROR:in_progress_cache_impl.cc(192)] Cache is not initialized, cannot RetrieveEntry.
set 25, 2018 20:57:10.52 [10460:6048:0925/205709.805:ERROR:in_progress_cache_impl.cc(192)] Cache is not initialized, cannot RetrieveEntry.
set 25, 2018 20:57:10.53 [10460:6048:0925/205709.805:ERROR:in_progress_cache_impl.cc(192)] Cache is not initialized, cannot RetrieveEntry.
set 25, 2018 20:57:10.54 [10460:6048:0925/205709.805:ERROR:in_progress_cache_impl.cc(192)] Cache is not initialized, cannot RetrieveEntry.
set 25, 2018 20:57:10.55 [10460:6048:0925/205709.805:ERROR:in_progress_cache_impl.cc(192)] Cache is not initialized, cannot RetrieveEntry.
set 25, 2018 20:57:10.56 [10460:6048:0925/205709.805:ERROR:in_progress_cache_impl.cc(192)] Cache is not initialized, cannot RetrieveEntry.
set 25, 2018 20:57:10.57 [10460:6048:0925/205709.805:ERROR:in_progress_cache_impl.cc(192)] Cache is not initialized, cannot RetrieveEntry.
set 25, 2018 20:57:10.58 [10460:6048:0925/205709.805:ERROR:in_progress_cache_impl.cc(192)] Cache is not initialized, cannot RetrieveEntry.
set 25, 2018 20:57:10.60 [10460:6048:0925/205709.805:ERROR:in_progress_cache_impl.cc(192)] Cache is not initialized, cannot RetrieveEntry.
set 25, 2018 20:57:10.61 [10460:6048:0925/205709.805:ERROR:in_progress_cache_impl.cc(192)] Cache is not initialized, cannot RetrieveEntry.
set 25, 2018 20:57:10.68 [10460:6048:0925/205709.805:ERROR:in_progress_cache_impl.cc(192)] Cache is not initialized, cannot RetrieveEntry.
set 25, 2018 20:57:10.73 [10460:6048:0925/205709.805:ERROR:in_progress_cache_impl.cc(192)] Cache is not initialized, cannot RetrieveEntry.
set 25, 2018 20:57:10.75 [10460:6048:0925/205709.805:ERROR:in_progress_cache_impl.cc(192)] Cache is not initialized, cannot RetrieveEntry.
set 25, 2018 20:57:10.79 [10460:6048:0925/205709.806:ERROR:in_progress_cache_impl.cc(192)] Cache is not initialized, cannot RetrieveEntry.
set 25, 2018 20:57:10.81 [10460:6048:0925/205709.806:ERROR:in_progress_cache_impl.cc(192)] Cache is not initialized, cannot RetrieveEntry.
set 25, 2018 20:57:10.83 [10460:6048:0925/205709.806:ERROR:in_progress_cache_impl.cc(192)] Cache is not initialized, cannot RetrieveEntry.
set 25, 2018 20:57:10.84 [10460:6048:0925/205709.806:ERROR:in_progress_cache_impl.cc(192)] Cache is not initialized, cannot RetrieveEntry.
set 25, 2018 20:57:10.87 [10460:6048:0925/205709.806:ERROR:in_progress_cache_impl.cc(192)] Cache is not initialized, cannot RetrieveEntry.
set 25, 2018 20:57:10.90 [10460:6048:0925/205709.806:ERROR:in_progress_cache_impl.cc(192)] Cache is not initialized, cannot RetrieveEntry.
set 25, 2018 20:57:10.93 [10460:6048:0925/205709.806:ERROR:in_progress_cache_impl.cc(192)] Cache is not initialized, cannot RetrieveEntry.
set 25, 2018 20:57:10.96 [10460:6048:0925/205709.806:ERROR:in_progress_cache_impl.cc(192)] Cache is not initialized, cannot RetrieveEntry.
set 25, 2018 20:57:10.97 [10460:6048:0925/205709.806:ERROR:in_progress_cache_impl.cc(192)] Cache is not initialized, cannot RetrieveEntry.
set 25, 2018 20:57:10.98 [10460:6048:0925/205709.806:ERROR:in_progress_cache_impl.cc(192)] Cache is not initialized, cannot RetrieveEntry.
set 25, 2018 20:57:10.99 [10460:6048:0925/205709.806:ERROR:in_progress_cache_impl.cc(192)] Cache is not initialized, cannot RetrieveEntry.
set 25, 2018 20:57:11.00 [10460:6048:0925/205709.806:ERROR:in_progress_cache_impl.cc(192)] Cache is not initialized, cannot RetrieveEntry.
set 25, 2018 20:57:11.01 [10460:6048:0925/205709.812:ERROR:in_progress_cache_impl.cc(192)] Cache is not initialized, cannot RetrieveEntry.
set 25, 2018 20:57:11.02 [10460:6048:0925/205709.812:ERROR:in_progress_cache_impl.cc(192)] Cache is not initialized, cannot RetrieveEntry.
set 25, 2018 20:57:11.03 [10460:6048:0925/205709.812:ERROR:in_progress_cache_impl.cc(192)] Cache is not initialized, cannot RetrieveEntry.
set 25, 2018 20:57:11.11 [10460:6048:0925/205709.812:ERROR:in_progress_cache_impl.cc(192)] Cache is not initialized, cannot RetrieveEntry.
set 25, 2018 20:57:11.17 [10460:6048:0925/205709.812:ERROR:in_progress_cache_impl.cc(192)] Cache is not initialized, cannot RetrieveEntry.
set 25, 2018 20:57:11.20 [10460:6048:0925/205709.812:ERROR:in_progress_cache_impl.cc(192)] Cache is not initialized, cannot RetrieveEntry.
set 25, 2018 20:57:11.26 [10460:6048:0925/205709.812:ERROR:in_progress_cache_impl.cc(192)] Cache is not initialized, cannot RetrieveEntry.
set 25, 2018 20:57:11.28 [10460:6048:0925/205709.812:ERROR:in_progress_cache_impl.cc(192)] Cache is not initialized, cannot RetrieveEntry.
set 25, 2018 20:57:11.29 [10460:6048:0925/205709.813:ERROR:in_progress_cache_impl.cc(192)] Cache is not initialized, cannot RetrieveEntry.
set 25, 2018 20:57:11.30 [10460:6048:0925/205709.813:ERROR:in_progress_cache_impl.cc(192)] Cache is not initialized, cannot RetrieveEntry.
set 25, 2018 20:57:11.31 [10460:6048:0925/205709.813:ERROR:in_progress_cache_impl.cc(192)] Cache is not initialized, cannot RetrieveEntry.
set 25, 2018 20:57:11.33 [10460:6048:0925/205709.813:ERROR:in_progress_cache_impl.cc(192)] Cache is not initialized, cannot RetrieveEntry.
set 25, 2018 20:57:11.35 [10460:6048:0925/205709.813:ERROR:in_progress_cache_impl.cc(192)] Cache is not initialized, cannot RetrieveEntry.
set 25, 2018 20:57:11.36 [10460:6048:0925/205709.813:ERROR:in_progress_cache_impl.cc(192)] Cache is not initialized, cannot RetrieveEntry.
set 25, 2018 20:57:11.40 [10460:6048:0925/205709.813:ERROR:in_progress_cache_impl.cc(192)] Cache is not initialized, cannot RetrieveEntry.
set 25, 2018 20:57:11.41 [10460:6048:0925/205709.813:ERROR:in_progress_cache_impl.cc(192)] Cache is not initialized, cannot RetrieveEntry.
set 25, 2018 20:57:11.43 [10460:6048:0925/205709.813:ERROR:in_progress_cache_impl.cc(192)] Cache is not initialized, cannot RetrieveEntry.
set 25, 2018 20:57:11.46 [10460:6048:0925/205709.813:ERROR:in_progress_cache_impl.cc(192)] Cache is not initialized, cannot RetrieveEntry.
set 25, 2018 20:57:11.50 [10460:6048:0925/205709.813:ERROR:in_progress_cache_impl.cc(192)] Cache is not initialized, cannot RetrieveEntry.
set 25, 2018 20:57:11.52 [10460:6048:0925/205709.813:ERROR:in_progress_cache_impl.cc(192)] Cache is not initialized, cannot RetrieveEntry.
set 25, 2018 20:57:11.55 [10460:6048:0925/205709.813:ERROR:in_progress_cache_impl.cc(192)] Cache is not initialized, cannot RetrieveEntry.
set 25, 2018 20:57:11.58 [10460:6048:0925/205709.813:ERROR:in_progress_cache_impl.cc(192)] Cache is not initialized, cannot RetrieveEntry.
set 25, 2018 20:57:31.82 [10460:9408:0925/205731.829:ERROR:connection_factory_impl.cc(396)] Failed to connect to MCS endpoint with error -118
set 25, 2018 21:00:46.00 [10460:9408:0925/210046.002:ERROR:connection_factory_impl.cc(396)] Failed to connect to MCS endpoint with error -21
set 25, 2018 21:02:19.46 [10460:9408:0925/210219.465:ERROR:ssl_client_socket_impl.cc(1050)] handshake failed; returned -1, SSL error code 1, net_error -100

set 25, 2018 21:41:02.90 NEW SESSION
set 25, 2018 21:41:02.90 [7268:5132:0925/214102.897:ERROR:in_progress_cache_impl.cc(192)] Cache is not initialized, cannot RetrieveEntry.
set 25, 2018 21:41:03.00 [7268:5132:0925/214102.897:ERROR:in_progress_cache_impl.cc(192)] Cache is not initialized, cannot RetrieveEntry.
set 25, 2018 21:41:03.10 [7268:5132:0925/214102.897:ERROR:in_progress_cache_impl.cc(192)] Cache is not initialized, cannot RetrieveEntry.
set 25, 2018 21:41:03.21 [7268:5132:0925/214102.897:ERROR:in_progress_cache_impl.cc(192)] Cache is not initialized, cannot RetrieveEntry.
set 25, 2018 21:41:03.25 [7268:5132:0925/214102.897:ERROR:in_progress_cache_impl.cc(192)] Cache is not initialized, cannot RetrieveEntry.
set 25, 2018 21:41:03.29 [7268:5132:0925/214102.897:ERROR:in_progress_cache_impl.cc(192)] Cache is not initialized, cannot RetrieveEntry.
set 25, 2018 21:41:03.33 [7268:5132:0925/214102.897:ERROR:in_progress_cache_impl.cc(192)] Cache is not initialized, cannot RetrieveEntry.
set 25, 2018 21:41:03.41 [7268:5132:0925/214102.897:ERROR:in_progress_cache_impl.cc(192)] Cache is not initialized, cannot RetrieveEntry.
set 25, 2018 21:41:03.45 [7268:5132:0925/214102.897:ERROR:in_progress_cache_impl.cc(192)] Cache is not initialized, cannot RetrieveEntry.
set 25, 2018 21:41:03.49 [7268:5132:0925/214102.897:ERROR:in_progress_cache_impl.cc(192)] Cache is not initialized, cannot RetrieveEntry.
set 25, 2018 21:41:03.51 [7268:5132:0925/214102.897:ERROR:in_progress_cache_impl.cc(192)] Cache is not initialized, cannot RetrieveEntry.
set 25, 2018 21:41:03.53 [7268:5132:0925/214102.897:ERROR:in_progress_cache_impl.cc(192)] Cache is not initialized, cannot RetrieveEntry.
set 25, 2018 21:41:03.56 [7268:5132:0925/214102.897:ERROR:in_progress_cache_impl.cc(192)] Cache is not initialized, cannot RetrieveEntry.
set 25, 2018 21:41:03.58 [7268:5132:0925/214102.897:ERROR:in_progress_cache_impl.cc(192)] Cache is not initialized, cannot RetrieveEntry.
set 25, 2018 21:41:03.59 [7268:5132:0925/214102.897:ERROR:in_progress_cache_impl.cc(192)] Cache is not initialized, cannot RetrieveEntry.
set 25, 2018 21:41:03.60 [7268:5132:0925/214102.897:ERROR:in_progress_cache_impl.cc(192)] Cache is not initialized, cannot RetrieveEntry.
set 25, 2018 21:41:03.62 [7268:5132:0925/214102.897:ERROR:in_progress_cache_impl.cc(192)] Cache is not initialized, cannot RetrieveEntry.
set 25, 2018 21:41:03.64 [7268:5132:0925/214102.897:ERROR:in_progress_cache_impl.cc(192)] Cache is not initialized, cannot RetrieveEntry.
set 25, 2018 21:41:03.70 [7268:5132:0925/214102.897:ERROR:in_progress_cache_impl.cc(192)] Cache is not initialized, cannot RetrieveEntry.
set 25, 2018 21:41:03.75 [7268:5132:0925/214102.898:ERROR:in_progress_cache_impl.cc(192)] Cache is not initialized, cannot RetrieveEntry.
set 25, 2018 21:41:03.77 [7268:5132:0925/214102.898:ERROR:in_progress_cache_impl.cc(192)] Cache is not initialized, cannot RetrieveEntry.
set 25, 2018 21:41:03.81 [7268:5132:0925/214102.898:ERROR:in_progress_cache_impl.cc(192)] Cache is not initialized, cannot RetrieveEntry.
set 25, 2018 21:41:03.84 [7268:5132:0925/214102.898:ERROR:in_progress_cache_impl.cc(192)] Cache is not initialized, cannot RetrieveEntry.
set 25, 2018 21:41:03.87 [7268:5132:0925/214102.898:ERROR:in_progress_cache_impl.cc(192)] Cache is not initialized, cannot RetrieveEntry.
set 25, 2018 21:41:03.88 [7268:5132:0925/214102.898:ERROR:in_progress_cache_impl.cc(192)] Cache is not initialized, cannot RetrieveEntry.
set 25, 2018 21:41:03.90 [7268:5132:0925/214102.898:ERROR:in_progress_cache_impl.cc(192)] Cache is not initialized, cannot RetrieveEntry.
set 25, 2018 21:41:03.91 [7268:5132:0925/214102.898:ERROR:in_progress_cache_impl.cc(192)] Cache is not initialized, cannot RetrieveEntry.
set 25, 2018 21:41:03.93 [7268:5132:0925/214102.898:ERROR:in_progress_cache_impl.cc(192)] Cache is not initialized, cannot RetrieveEntry.
set 25, 2018 21:41:03.99 [7268:5132:0925/214102.898:ERROR:in_progress_cache_impl.cc(192)] Cache is not initialized, cannot RetrieveEntry.
set 25, 2018 21:41:04.01 [7268:5132:0925/214102.898:ERROR:in_progress_cache_impl.cc(192)] Cache is not initialized, cannot RetrieveEntry.
set 25, 2018 21:41:04.03 [7268:5132:0925/214102.898:ERROR:in_progress_cache_impl.cc(192)] Cache is not initialized, cannot RetrieveEntry.
set 25, 2018 21:41:04.08 [7268:5132:0925/214102.898:ERROR:in_progress_cache_impl.cc(192)] Cache is not initialized, cannot RetrieveEntry.
set 25, 2018 21:41:04.09 [7268:5132:0925/214102.898:ERROR:in_progress_cache_impl.cc(192)] Cache is not initialized, cannot RetrieveEntry.
set 25, 2018 21:41:04.11 [7268:5132:0925/214102.898:ERROR:in_progress_cache_impl.cc(192)] Cache is not initialized, cannot RetrieveEntry.
set 25, 2018 21:41:04.12 [7268:5132:0925/214102.898:ERROR:in_progress_cache_impl.cc(192)] Cache is not initialized, cannot RetrieveEntry.
set 25, 2018 21:41:04.14 [7268:5132:0925/214102.898:ERROR:in_progress_cache_impl.cc(192)] Cache is not initialized, cannot RetrieveEntry.
set 25, 2018 21:41:04.18 [7268:5132:0925/214102.898:ERROR:in_progress_cache_impl.cc(192)] Cache is not initialized, cannot RetrieveEntry.
set 25, 2018 21:41:04.20 [7268:5132:0925/214102.898:ERROR:in_progress_cache_impl.cc(192)] Cache is not initialized, cannot RetrieveEntry.
set 25, 2018 21:41:04.22 [7268:5132:0925/214102.898:ERROR:in_progress_cache_impl.cc(192)] Cache is not initialized, cannot RetrieveEntry.
set 25, 2018 21:41:04.24 [7268:5132:0925/214102.898:ERROR:in_progress_cache_impl.cc(192)] Cache is not initialized, cannot RetrieveEntry.
set 25, 2018 21:41:04.26 [7268:5132:0925/214102.899:ERROR:in_progress_cache_impl.cc(192)] Cache is not initialized, cannot RetrieveEntry.
set 25, 2018 21:41:04.28 [7268:5132:0925/214102.899:ERROR:in_progress_cache_impl.cc(192)] Cache is not initialized, cannot RetrieveEntry.
set 25, 2018 21:41:04.30 [7268:5132:0925/214102.899:ERROR:in_progress_cache_impl.cc(192)] Cache is not initialized, cannot RetrieveEntry.
set 25, 2018 21:41:04.33 [7268:5132:0925/214102.899:ERROR:in_progress_cache_impl.cc(192)] Cache is not initialized, cannot RetrieveEntry.
set 25, 2018 21:41:04.34 [7268:5132:0925/214102.899:ERROR:in_progress_cache_impl.cc(192)] Cache is not initialized, cannot RetrieveEntry.
set 25, 2018 21:41:04.36 [7268:5132:0925/214102.899:ERROR:in_progress_cache_impl.cc(192)] Cache is not initialized, cannot RetrieveEntry.
set 25, 2018 21:41:04.38 [7268:5132:0925/214102.899:ERROR:in_progress_cache_impl.cc(192)] Cache is not initialized, cannot RetrieveEntry.
set 25, 2018 21:41:04.40 [7268:5132:0925/214102.899:ERROR:in_progress_cache_impl.cc(192)] Cache is not initialized, cannot RetrieveEntry.
set 25, 2018 21:41:04.41 [7268:5132:0925/214102.899:ERROR:in_progress_cache_impl.cc(192)] Cache is not initialized, cannot RetrieveEntry.
set 25, 2018 21:41:04.43 [7268:5132:0925/214102.899:ERROR:in_progress_cache_impl.cc(192)] Cache is not initialized, cannot RetrieveEntry.
set 25, 2018 21:41:04.44 [7268:5132:0925/214102.899:ERROR:in_progress_cache_impl.cc(192)] Cache is not initialized, cannot RetrieveEntry.
set 25, 2018 21:41:04.46 [7268:5132:0925/214102.899:ERROR:in_progress_cache_impl.cc(192)] Cache is not initialized, cannot RetrieveEntry.
set 25, 2018 21:41:04.48 [7268:5132:0925/214102.899:ERROR:in_progress_cache_impl.cc(192)] Cache is not initialized, cannot RetrieveEntry.
set 25, 2018 21:41:04.49 [7268:5132:0925/214102.899:ERROR:in_progress_cache_impl.cc(192)] Cache is not initialized, cannot RetrieveEntry.
set 25, 2018 21:41:04.51 [7268:5132:0925/214102.899:ERROR:in_progress_cache_impl.cc(192)] Cache is not initialized, cannot RetrieveEntry.
set 25, 2018 21:41:04.52 [7268:5132:0925/214102.899:ERROR:in_progress_cache_impl.cc(192)] Cache is not initialized, cannot RetrieveEntry.
set 25, 2018 21:41:04.53 [7268:5132:0925/214102.899:ERROR:in_progress_cache_impl.cc(192)] Cache is not initialized, cannot RetrieveEntry.
set 25, 2018 21:41:04.58 [7268:5132:0925/214102.899:ERROR:in_progress_cache_impl.cc(192)] Cache is not initialized, cannot RetrieveEntry.
set 25, 2018 21:41:04.59 [7268:5132:0925/214102.899:ERROR:in_progress_cache_impl.cc(192)] Cache is not initialized, cannot RetrieveEntry.
set 25, 2018 21:41:24.93 [7268:9268:0925/214124.928:ERROR:connection_factory_impl.cc(396)] Failed to connect to MCS endpoint with error -118
set 25, 2018 21:42:39.50 [7268:9268:0925/214239.501:ERROR:connection_factory_impl.cc(396)] Failed to connect to MCS endpoint with error -21
set 25, 2018 21:44:43.51 [7268:9268:0925/214443.510:ERROR:connection_factory_impl.cc(396)] Failed to connect to MCS endpoint with error -21
set 25, 2018 21:45:06.20 [7268:9268:0925/214506.207:ERROR:extension_protocols.cc(565)] Allowing load of chrome-extension://cfhdojbkjhnklbpkdaibdccddilifddb/include.preload.js.mapfrom unknown origin. Could not find user data for request.
set 25, 2018 21:45:06.22 [7268:9268:0925/214506.221:ERROR:extension_protocols.cc(565)] Allowing load of chrome-extension://cfhdojbkjhnklbpkdaibdccddilifddb/include.postload.js.mapfrom unknown origin. Could not find user data for request.
set 25, 2018 21:46:47.01 [7268:9268:0925/214647.011:ERROR:connection_factory_impl.cc(396)] Failed to connect to MCS endpoint with error -21
set 25, 2018 21:48:51.00 [7268:9268:0925/214851.003:ERROR:connection_factory_impl.cc(396)] Failed to connect to MCS endpoint with error -21
set 25, 2018 21:58:02.50 [7268:9268:0925/215802.501:ERROR:connection_factory_impl.cc(396)] Failed to connect to MCS endpoint with error -21
set 25, 2018 22:03:50.00 [7268:9268:0925/220350.001:ERROR:connection_factory_impl.cc(396)] Failed to connect to MCS endpoint with error -21
set 25, 2018 22:09:57.50 [7268:9268:0925/220957.501:ERROR:connection_factory_impl.cc(396)] Failed to connect to MCS endpoint with error -21
set 25, 2018 22:11:57.50 [7268:9268:0925/221157.507:ERROR:connection_factory_impl.cc(396)] Failed to connect to MCS endpoint with error -21
set 25, 2018 22:15:09.42 [7268:9268:0925/221509.423:ERROR:connection_factory_impl.cc(396)] Failed to connect to MCS endpoint with error -106
set 25, 2018 22:15:36.04 [7268:9268:0925/221536.040:ERROR:connection_factory_impl.cc(396)] Failed to connect to MCS endpoint with error -106
set 25, 2018 22:16:27.06 [7268:9268:0925/221627.061:ERROR:connection_factory_impl.cc(396)] Failed to connect to MCS endpoint with error -105
set 25, 2018 22:16:37.04 [7268:9268:0925/221637.043:ERROR:connection_factory_impl.cc(396)] Failed to connect to MCS endpoint with error -105
set 25, 2018 22:16:47.50 [7268:9268:0925/221647.508:ERROR:connection_factory_impl.cc(396)] Failed to connect to MCS endpoint with error -105
set 25, 2018 22:17:12.51 [7268:9268:0925/221712.510:ERROR:connection_factory_impl.cc(396)] Failed to connect to MCS endpoint with error -21
set 25, 2018 22:17:36.52 [7268:9268:0925/221736.525:ERROR:connection_factory_impl.cc(396)] Failed to connect to MCS endpoint with error -118
set 25, 2018 22:20:57.24 [7268:9268:0925/222057.243:ERROR:connection_factory_impl.cc(396)] Failed to connect to MCS endpoint with error -106
set 25, 2018 22:21:34.42 [7268:9268:0925/222134.428:ERROR:connection_factory_impl.cc(396)] Failed to connect to MCS endpoint with error -118
set 25, 2018 22:21:43.98 [7268:9268:0925/222143.988:ERROR:connection_factory_impl.cc(396)] Failed to connect to MCS endpoint with error -106
set 25, 2018 22:23:38.13 [7268:9268:0925/222338.134:ERROR:connection_factory_impl.cc(396)] Failed to connect to MCS endpoint with error -21
set 25, 2018 22:23:40.39 [7268:9268:0925/222340.392:ERROR:connection_factory_impl.cc(396)] Failed to connect to MCS endpoint with error -106
set 25, 2018 22:26:50.04 [7268:7644:0925/222650.040:ERROR:get_updates_processor.cc(243)] PostClientToServerMessage() failed during GetUpdates
set 25, 2018 22:27:35.04 [7268:7644:0925/222735.045:ERROR:get_updates_processor.cc(243)] PostClientToServerMessage() failed during GetUpdates
set 25, 2018 22:29:27.51 [7268:7644:0925/222927.514:ERROR:get_updates_processor.cc(243)] PostClientToServerMessage() failed during GetUpdates
set 25, 2018 22:30:29.54 [7268:9268:0925/223029.545:ERROR:connection_factory_impl.cc(396)] Failed to connect to MCS endpoint with error -105
set 25, 2018 22:30:29.56 [7268:7644:0925/223029.547:ERROR:get_updates_processor.cc(243)] PostClientToServerMessage() failed during GetUpdates
set 25, 2018 22:30:42.54 [7268:9268:0925/223042.548:ERROR:connection_factory_impl.cc(396)] Failed to connect to MCS endpoint with error -105
set 25, 2018 22:30:42.56 [7268:7644:0925/223042.549:ERROR:get_updates_processor.cc(243)] PostClientToServerMessage() failed during GetUpdates
set 25, 2018 22:30:42.58 [7268:7644:0925/223042.553:ERROR:get_updates_processor.cc(243)] PostClientToServerMessage() failed during GetUpdates
set 25, 2018 22:30:48.51 [7268:9268:0925/223048.509:ERROR:connection_factory_impl.cc(396)] Failed to connect to MCS endpoint with error -21
set 25, 2018 22:30:48.52 [7268:7644:0925/223048.510:ERROR:get_updates_processor.cc(243)] PostClientToServerMessage() failed during GetUpdates
set 25, 2018 22:31:12.51 [7268:7644:0925/223112.518:ERROR:get_updates_processor.cc(243)] PostClientToServerMessage() failed during GetUpdates
set 25, 2018 22:31:12.54 [7268:9268:0925/223112.520:ERROR:connection_factory_impl.cc(396)] Failed to connect to MCS endpoint with error -118
set 25, 2018 22:33:25.70 [7268:7644:0925/223325.699:ERROR:get_updates_processor.cc(243)] PostClientToServerMessage() failed during GetUpdates
set 25, 2018 22:33:25.72 [7268:9268:0925/223325.724:ERROR:connection_factory_impl.cc(396)] Failed to connect to MCS endpoint with error -118
set 25, 2018 22:33:30.69 [7268:9268:0925/223330.689:ERROR:connection_factory_impl.cc(396)] Failed to connect to MCS endpoint with error -106
set 25, 2018 22:33:44.50 [7268:9268:0925/223344.504:ERROR:connection_factory_impl.cc(396)] Failed to connect to MCS endpoint with error -21
set 25, 2018 22:33:44.54 [7268:7644:0925/223344.504:ERROR:get_updates_processor.cc(243)] PostClientToServerMessage() failed during GetUpdates
set 25, 2018 22:34:21.04 [7268:9268:0925/223421.041:ERROR:connection_factory_impl.cc(396)] Failed to connect to MCS endpoint with error -118
set 25, 2018 22:35:21.00 [7268:9268:0925/223521.008:ERROR:connection_factory_impl.cc(396)] Failed to connect to MCS endpoint with error -118
set 25, 2018 22:42:07.53 [7268:9268:0925/224207.530:ERROR:ssl_client_socket_impl.cc(1050)] handshake failed; returned -1, SSL error code 1, net_error -100
set 25, 2018 22:42:18.79 [7268:9268:0925/224218.789:ERROR:ssl_client_socket_impl.cc(1050)] handshake failed; returned -1, SSL error code 1, net_error -101
set 25, 2018 22:45:08.51 [7268:9268:0925/224508.511:ERROR:connection_factory_impl.cc(396)] Failed to connect to MCS endpoint with error -21

set 26, 2018 05:48:03.85 NEW SESSION
set 26, 2018 05:48:03.85 [7820:2988:0926/054803.804:ERROR:in_progress_cache_impl.cc(192)] Cache is not initialized, cannot RetrieveEntry.
set 26, 2018 05:48:03.96 [7820:2988:0926/054803.804:ERROR:in_progress_cache_impl.cc(192)] Cache is not initialized, cannot RetrieveEntry.
set 26, 2018 05:48:03.97 [7820:2988:0926/054803.804:ERROR:in_progress_cache_impl.cc(192)] Cache is not initialized, cannot RetrieveEntry.
set 26, 2018 05:48:03.99 [7820:2988:0926/054803.804:ERROR:in_progress_cache_impl.cc(192)] Cache is not initialized, cannot RetrieveEntry.
set 26, 2018 05:48:04.00 [7820:2988:0926/054803.804:ERROR:in_progress_cache_impl.cc(192)] Cache is not initialized, cannot RetrieveEntry.
set 26, 2018 05:48:04.00 [7820:2988:0926/054803.804:ERROR:in_progress_cache_impl.cc(192)] Cache is not initialized, cannot RetrieveEntry.
set 26, 2018 05:48:04.02 [7820:2988:0926/054803.804:ERROR:in_progress_cache_impl.cc(192)] Cache is not initialized, cannot RetrieveEntry.
set 26, 2018 05:48:04.03 [7820:2988:0926/054803.804:ERROR:in_progress_cache_impl.cc(192)] Cache is not initialized, cannot RetrieveEntry.
set 26, 2018 05:48:04.05 [7820:2988:0926/054803.804:ERROR:in_progress_cache_impl.cc(192)] Cache is not initialized, cannot RetrieveEntry.
set 26, 2018 05:48:04.05 [7820:2988:0926/054803.804:ERROR:in_progress_cache_impl.cc(192)] Cache is not initialized, cannot RetrieveEntry.
set 26, 2018 05:48:04.07 [7820:2988:0926/054803.804:ERROR:in_progress_cache_impl.cc(192)] Cache is not initialized, cannot RetrieveEntry.
set 26, 2018 05:48:04.08 [7820:2988:0926/054803.804:ERROR:in_progress_cache_impl.cc(192)] Cache is not initialized, cannot RetrieveEntry.
set 26, 2018 05:48:04.08 [7820:2988:0926/054803.804:ERROR:in_progress_cache_impl.cc(192)] Cache is not initialized, cannot RetrieveEntry.
set 26, 2018 05:48:04.10 [7820:2988:0926/054803.804:ERROR:in_progress_cache_impl.cc(192)] Cache is not initialized, cannot RetrieveEntry.
set 26, 2018 05:48:04.10 [7820:2988:0926/054803.804:ERROR:in_progress_cache_impl.cc(192)] Cache is not initialized, cannot RetrieveEntry.
set 26, 2018 05:48:04.11 [7820:2988:0926/054803.804:ERROR:in_progress_cache_impl.cc(192)] Cache is not initialized, cannot RetrieveEntry.
set 26, 2018 05:48:04.11 [7820:2988:0926/054803.804:ERROR:in_progress_cache_impl.cc(192)] Cache is not initialized, cannot RetrieveEntry.
set 26, 2018 05:48:04.13 [7820:2988:0926/054803.804:ERROR:in_progress_cache_impl.cc(192)] Cache is not initialized, cannot RetrieveEntry.
set 26, 2018 05:48:04.13 [7820:2988:0926/054803.804:ERROR:in_progress_cache_impl.cc(192)] Cache is not initialized, cannot RetrieveEntry.
set 26, 2018 05:48:04.14 [7820:2988:0926/054803.804:ERROR:in_progress_cache_impl.cc(192)] Cache is not initialized, cannot RetrieveEntry.
set 26, 2018 05:48:04.16 [7820:2988:0926/054803.804:ERROR:in_progress_cache_impl.cc(192)] Cache is not initialized, cannot RetrieveEntry.
set 26, 2018 05:48:04.17 [7820:2988:0926/054803.804:ERROR:in_progress_cache_impl.cc(192)] Cache is not initialized, cannot RetrieveEntry.
set 26, 2018 05:48:04.19 [7820:2988:0926/054803.804:ERROR:in_progress_cache_impl.cc(192)] Cache is not initialized, cannot RetrieveEntry.
set 26, 2018 05:48:04.22 [7820:2988:0926/054803.804:ERROR:in_progress_cache_impl.cc(192)] Cache is not initialized, cannot RetrieveEntry.
set 26, 2018 05:48:04.25 [7820:2988:0926/054803.804:ERROR:in_progress_cache_impl.cc(192)] Cache is not initialized, cannot RetrieveEntry.
set 26, 2018 05:48:04.30 [7820:2988:0926/054803.804:ERROR:in_progress_cache_impl.cc(192)] Cache is not initialized, cannot RetrieveEntry.
set 26, 2018 05:48:04.36 [7820:2988:0926/054803.804:ERROR:in_progress_cache_impl.cc(192)] Cache is not initialized, cannot RetrieveEntry.
set 26, 2018 05:48:04.42 [7820:2988:0926/054803.804:ERROR:in_progress_cache_impl.cc(192)] Cache is not initialized, cannot RetrieveEntry.
set 26, 2018 05:48:04.47 [7820:2988:0926/054803.804:ERROR:in_progress_cache_impl.cc(192)] Cache is not initialized, cannot RetrieveEntry.
set 26, 2018 05:48:04.52 [7820:2988:0926/054803.804:ERROR:in_progress_cache_impl.cc(192)] Cache is not initialized, cannot RetrieveEntry.
set 26, 2018 05:48:04.54 [7820:2988:0926/054803.804:ERROR:in_progress_cache_impl.cc(192)] Cache is not initialized, cannot RetrieveEntry.
set 26, 2018 05:48:04.56 [7820:2988:0926/054803.804:ERROR:in_progress_cache_impl.cc(192)] Cache is not initialized, cannot RetrieveEntry.
set 26, 2018 05:48:04.63 [7820:2988:0926/054803.804:ERROR:in_progress_cache_impl.cc(192)] Cache is not initialized, cannot RetrieveEntry.
set 26, 2018 05:48:04.66 [7820:2988:0926/054803.804:ERROR:in_progress_cache_impl.cc(192)] Cache is not initialized, cannot RetrieveEntry.
set 26, 2018 05:48:04.69 [7820:2988:0926/054803.804:ERROR:in_progress_cache_impl.cc(192)] Cache is not initialized, cannot RetrieveEntry.
set 26, 2018 05:48:04.72 [7820:2988:0926/054803.804:ERROR:in_progress_cache_impl.cc(192)] Cache is not initialized, cannot RetrieveEntry.
set 26, 2018 05:48:04.75 [7820:2988:0926/054803.804:ERROR:in_progress_cache_impl.cc(192)] Cache is not initialized, cannot RetrieveEntry.
set 26, 2018 05:48:04.76 [7820:2988:0926/054803.804:ERROR:in_progress_cache_impl.cc(192)] Cache is not initialized, cannot RetrieveEntry.
set 26, 2018 05:48:04.78 [7820:2988:0926/054803.804:ERROR:in_progress_cache_impl.cc(192)] Cache is not initialized, cannot RetrieveEntry.
set 26, 2018 05:48:04.80 [7820:2988:0926/054803.804:ERROR:in_progress_cache_impl.cc(192)] Cache is not initialized, cannot RetrieveEntry.
set 26, 2018 05:48:04.83 [7820:2988:0926/054803.804:ERROR:in_progress_cache_impl.cc(192)] Cache is not initialized, cannot RetrieveEntry.
set 26, 2018 05:48:04.85 [7820:2988:0926/054803.804:ERROR:in_progress_cache_impl.cc(192)] Cache is not initialized, cannot RetrieveEntry.
set 26, 2018 05:48:04.86 [7820:2988:0926/054803.804:ERROR:in_progress_cache_impl.cc(192)] Cache is not initialized, cannot RetrieveEntry.
set 26, 2018 05:48:04.87 [7820:2988:0926/054803.804:ERROR:in_progress_cache_impl.cc(192)] Cache is not initialized, cannot RetrieveEntry.
set 26, 2018 05:48:04.89 [7820:2988:0926/054803.804:ERROR:in_progress_cache_impl.cc(192)] Cache is not initialized, cannot RetrieveEntry.
set 26, 2018 05:48:04.90 [7820:2988:0926/054803.804:ERROR:in_progress_cache_impl.cc(192)] Cache is not initialized, cannot RetrieveEntry.
set 26, 2018 05:48:04.91 [7820:2988:0926/054803.804:ERROR:in_progress_cache_impl.cc(192)] Cache is not initialized, cannot RetrieveEntry.
set 26, 2018 05:48:04.93 [7820:2988:0926/054803.804:ERROR:in_progress_cache_impl.cc(192)] Cache is not initialized, cannot RetrieveEntry.
set 26, 2018 05:48:04.94 [7820:2988:0926/054803.804:ERROR:in_progress_cache_impl.cc(192)] Cache is not initialized, cannot RetrieveEntry.
set 26, 2018 05:48:04.95 [7820:2988:0926/054803.804:ERROR:in_progress_cache_impl.cc(192)] Cache is not initialized, cannot RetrieveEntry.
set 26, 2018 05:48:04.96 [7820:2988:0926/054803.804:ERROR:in_progress_cache_impl.cc(192)] Cache is not initialized, cannot RetrieveEntry.
set 26, 2018 05:48:04.98 [7820:2988:0926/054803.804:ERROR:in_progress_cache_impl.cc(192)] Cache is not initialized, cannot RetrieveEntry.
set 26, 2018 05:48:04.99 [7820:2988:0926/054803.804:ERROR:in_progress_cache_impl.cc(192)] Cache is not initialized, cannot RetrieveEntry.
set 26, 2018 05:48:05.01 [7820:2988:0926/054803.804:ERROR:in_progress_cache_impl.cc(192)] Cache is not initialized, cannot RetrieveEntry.
set 26, 2018 05:48:05.02 [7820:2988:0926/054803.804:ERROR:in_progress_cache_impl.cc(192)] Cache is not initialized, cannot RetrieveEntry.
set 26, 2018 05:48:05.04 [7820:2988:0926/054803.804:ERROR:in_progress_cache_impl.cc(192)] Cache is not initialized, cannot RetrieveEntry.
set 26, 2018 05:48:05.06 [7820:2988:0926/054804.148:ERROR:in_progress_cache_impl.cc(192)] Cache is not initialized, cannot RetrieveEntry.
set 26, 2018 05:48:05.08 [7820:2988:0926/054804.148:ERROR:in_progress_cache_impl.cc(192)] Cache is not initialized, cannot RetrieveEntry.
set 26, 2018 05:48:05.09 [7820:2988:0926/054804.148:ERROR:in_progress_cache_impl.cc(192)] Cache is not initialized, cannot RetrieveEntry.

set 26, 2018 11:43:57.94 NEW SESSION
set 26, 2018 11:43:57.94 [7976:1716:0926/114357.942:ERROR:in_progress_cache_impl.cc(192)] Cache is not initialized, cannot RetrieveEntry.
set 26, 2018 11:43:58.01 [7976:1716:0926/114357.943:ERROR:in_progress_cache_impl.cc(192)] Cache is not initialized, cannot RetrieveEntry.
set 26, 2018 11:43:58.09 [7976:1716:0926/114357.943:ERROR:in_progress_cache_impl.cc(192)] Cache is not initialized, cannot RetrieveEntry.
set 26, 2018 11:43:58.13 [7976:1716:0926/114357.943:ERROR:in_progress_cache_impl.cc(192)] Cache is not initialized, cannot RetrieveEntry.
set 26, 2018 11:43:58.16 [7976:1716:0926/114357.943:ERROR:in_progress_cache_impl.cc(192)] Cache is not initialized, cannot RetrieveEntry.
set 26, 2018 11:43:58.19 [7976:1716:0926/114357.943:ERROR:in_progress_cache_impl.cc(192)] Cache is not initialized, cannot RetrieveEntry.
set 26, 2018 11:43:58.21 [7976:1716:0926/114357.943:ERROR:in_progress_cache_impl.cc(192)] Cache is not initialized, cannot RetrieveEntry.
set 26, 2018 11:43:58.23 [7976:1716:0926/114357.943:ERROR:in_progress_cache_impl.cc(192)] Cache is not initialized, cannot RetrieveEntry.
set 26, 2018 11:43:58.26 [7976:1716:0926/114357.943:ERROR:in_progress_cache_impl.cc(192)] Cache is not initialized, cannot RetrieveEntry.
set 26, 2018 11:43:58.28 [7976:1716:0926/114357.943:ERROR:in_progress_cache_impl.cc(192)] Cache is not initialized, cannot RetrieveEntry.
set 26, 2018 11:43:58.29 [7976:1716:0926/114357.943:ERROR:in_progress_cache_impl.cc(192)] Cache is not initialized, cannot RetrieveEntry.
set 26, 2018 11:43:58.30 [7976:1716:0926/114357.943:ERROR:in_progress_cache_impl.cc(192)] Cache is not initialized, cannot RetrieveEntry.
set 26, 2018 11:43:58.31 [7976:1716:0926/114357.943:ERROR:in_progress_cache_impl.cc(192)] Cache is not initialized, cannot RetrieveEntry.
set 26, 2018 11:43:58.32 [7976:1716:0926/114357.943:ERROR:in_progress_cache_impl.cc(192)] Cache is not initialized, cannot RetrieveEntry.
set 26, 2018 11:43:58.33 [7976:1716:0926/114357.943:ERROR:in_progress_cache_impl.cc(192)] Cache is not initialized, cannot RetrieveEntry.
set 26, 2018 11:43:58.34 [7976:1716:0926/114357.943:ERROR:in_progress_cache_impl.cc(192)] Cache is not initialized, cannot RetrieveEntry.
set 26, 2018 11:43:58.35 [7976:1716:0926/114357.943:ERROR:in_progress_cache_impl.cc(192)] Cache is not initialized, cannot RetrieveEntry.
set 26, 2018 11:43:58.38 [7976:1716:0926/114357.943:ERROR:in_progress_cache_impl.cc(192)] Cache is not initialized, cannot RetrieveEntry.
set 26, 2018 11:43:58.40 [7976:1716:0926/114357.943:ERROR:in_progress_cache_impl.cc(192)] Cache is not initialized, cannot RetrieveEntry.
set 26, 2018 11:43:58.42 [7976:1716:0926/114357.943:ERROR:in_progress_cache_impl.cc(192)] Cache is not initialized, cannot RetrieveEntry.
set 26, 2018 11:43:58.48 [7976:1716:0926/114357.943:ERROR:in_progress_cache_impl.cc(192)] Cache is not initialized, cannot RetrieveEntry.
set 26, 2018 11:43:58.53 [7976:1716:0926/114357.943:ERROR:in_progress_cache_impl.cc(192)] Cache is not initialized, cannot RetrieveEntry.
set 26, 2018 11:43:58.56 [7976:1716:0926/114357.943:ERROR:in_progress_cache_impl.cc(192)] Cache is not initialized, cannot RetrieveEntry.
set 26, 2018 11:43:58.64 [7976:1716:0926/114357.943:ERROR:in_progress_cache_impl.cc(192)] Cache is not initialized, cannot RetrieveEntry.
set 26, 2018 11:43:58.67 [7976:1716:0926/114357.943:ERROR:in_progress_cache_impl.cc(192)] Cache is not initialized, cannot RetrieveEntry.
set 26, 2018 11:43:58.73 [7976:1716:0926/114357.943:ERROR:in_progress_cache_impl.cc(192)] Cache is not initialized, cannot RetrieveEntry.
set 26, 2018 11:43:58.74 [7976:1716:0926/114357.943:ERROR:in_progress_cache_impl.cc(192)] Cache is not initialized, cannot RetrieveEntry.
set 26, 2018 11:43:58.78 [7976:1716:0926/114357.943:ERROR:in_progress_cache_impl.cc(192)] Cache is not initialized, cannot RetrieveEntry.
set 26, 2018 11:43:58.80 [7976:1716:0926/114357.943:ERROR:in_progress_cache_impl.cc(192)] Cache is not initialized, cannot RetrieveEntry.
set 26, 2018 11:43:58.81 [7976:1716:0926/114357.943:ERROR:in_progress_cache_impl.cc(192)] Cache is not initialized, cannot RetrieveEntry.
set 26, 2018 11:43:58.82 [7976:1716:0926/114357.943:ERROR:in_progress_cache_impl.cc(192)] Cache is not initialized, cannot RetrieveEntry.
set 26, 2018 11:43:58.86 [7976:1716:0926/114357.943:ERROR:in_progress_cache_impl.cc(192)] Cache is not initialized, cannot RetrieveEntry.
set 26, 2018 11:43:58.88 [7976:1716:0926/114357.943:ERROR:in_progress_cache_impl.cc(192)] Cache is not initialized, cannot RetrieveEntry.
set 26, 2018 11:43:58.89 [7976:1716:0926/114357.943:ERROR:in_progress_cache_impl.cc(192)] Cache is not initialized, cannot RetrieveEntry.
set 26, 2018 11:43:58.93 [7976:1716:0926/114357.943:ERROR:in_progress_cache_impl.cc(192)] Cache is not initialized, cannot RetrieveEntry.
set 26, 2018 11:43:58.96 [7976:1716:0926/114357.943:ERROR:in_progress_cache_impl.cc(192)] Cache is not initialized, cannot RetrieveEntry.
set 26, 2018 11:43:58.97 [7976:1716:0926/114357.943:ERROR:in_progress_cache_impl.cc(192)] Cache is not initialized, cannot RetrieveEntry.
set 26, 2018 11:43:58.98 [7976:1716:0926/114357.944:ERROR:in_progress_cache_impl.cc(192)] Cache is not initialized, cannot RetrieveEntry.
set 26, 2018 11:43:58.99 [7976:1716:0926/114357.944:ERROR:in_progress_cache_impl.cc(192)] Cache is not initialized, cannot RetrieveEntry.
set 26, 2018 11:43:59.01 [7976:1716:0926/114357.944:ERROR:in_progress_cache_impl.cc(192)] Cache is not initialized, cannot RetrieveEntry.
set 26, 2018 11:43:59.02 [7976:1716:0926/114357.944:ERROR:in_progress_cache_impl.cc(192)] Cache is not initialized, cannot RetrieveEntry.
set 26, 2018 11:43:59.04 [7976:1716:0926/114357.944:ERROR:in_progress_cache_impl.cc(192)] Cache is not initialized, cannot RetrieveEntry.
set 26, 2018 11:43:59.05 [7976:1716:0926/114357.944:ERROR:in_progress_cache_impl.cc(192)] Cache is not initialized, cannot RetrieveEntry.
set 26, 2018 11:43:59.06 [7976:1716:0926/114357.944:ERROR:in_progress_cache_impl.cc(192)] Cache is not initialized, cannot RetrieveEntry.
set 26, 2018 11:43:59.07 [7976:1716:0926/114357.944:ERROR:in_progress_cache_impl.cc(192)] Cache is not initialized, cannot RetrieveEntry.
set 26, 2018 11:43:59.09 [7976:1716:0926/114357.944:ERROR:in_progress_cache_impl.cc(192)] Cache is not initialized, cannot RetrieveEntry.
set 26, 2018 11:43:59.10 [7976:1716:0926/114357.944:ERROR:in_progress_cache_impl.cc(192)] Cache is not initialized, cannot RetrieveEntry.
set 26, 2018 11:43:59.11 [7976:1716:0926/114357.944:ERROR:in_progress_cache_impl.cc(192)] Cache is not initialized, cannot RetrieveEntry.
set 26, 2018 11:43:59.12 [7976:1716:0926/114357.944:ERROR:in_progress_cache_impl.cc(192)] Cache is not initialized, cannot RetrieveEntry.
set 26, 2018 11:43:59.14 [7976:1716:0926/114357.944:ERROR:in_progress_cache_impl.cc(192)] Cache is not initialized, cannot RetrieveEntry.
set 26, 2018 11:43:59.16 [7976:1716:0926/114357.944:ERROR:in_progress_cache_impl.cc(192)] Cache is not initialized, cannot RetrieveEntry.
set 26, 2018 11:43:59.22 [7976:1716:0926/114357.944:ERROR:in_progress_cache_impl.cc(192)] Cache is not initialized, cannot RetrieveEntry.
set 26, 2018 11:43:59.23 [7976:1716:0926/114357.944:ERROR:in_progress_cache_impl.cc(192)] Cache is not initialized, cannot RetrieveEntry.
set 26, 2018 11:43:59.24 [7976:1716:0926/114357.944:ERROR:in_progress_cache_impl.cc(192)] Cache is not initialized, cannot RetrieveEntry.
set 26, 2018 11:43:59.25 [7976:1716:0926/114357.944:ERROR:in_progress_cache_impl.cc(192)] Cache is not initialized, cannot RetrieveEntry.
set 26, 2018 11:43:59.31 [7976:1716:0926/114357.944:ERROR:in_progress_cache_impl.cc(192)] Cache is not initialized, cannot RetrieveEntry.
set 26, 2018 11:43:59.34 [7976:1716:0926/114357.944:ERROR:in_progress_cache_impl.cc(192)] Cache is not initialized, cannot RetrieveEntry.
set 26, 2018 11:43:59.38 [7976:1716:0926/114357.944:ERROR:in_progress_cache_impl.cc(192)] Cache is not initialized, cannot RetrieveEntry.
set 26, 2018 11:43:59.44 [7976:1716:0926/114357.944:ERROR:in_progress_cache_impl.cc(192)] Cache is not initialized, cannot RetrieveEntry.
set 26, 2018 12:06:58.13 [7976:1716:0926/120658.132:ERROR:CONSOLE(6)] "Uncaught ReferenceError: gbar is not defined", source: https://clients5.google.com/pagead/drt/dn/ (6)
set 26, 2018 12:25:01.07 [7976:1720:0926/122501.077:ERROR:socket_stream.cc(210)] Closing stream with result -101
set 26, 2018 12:25:03.30 [7976:1720:0926/122503.302:ERROR:connection_factory_impl.cc(396)] Failed to connect to MCS endpoint with error -106
set 26, 2018 12:25:08.61 [7976:1720:0926/122508.612:ERROR:connection_factory_impl.cc(396)] Failed to connect to MCS endpoint with error -21
set 26, 2018 12:34:17.78 [7976:1720:0926/123417.781:ERROR:extension_protocols.cc(565)] Allowing load of chrome-extension://cfhdojbkjhnklbpkdaibdccddilifddb/include.preload.js.mapfrom unknown origin. Could not find user data for request.
set 26, 2018 12:34:17.79 [7976:1720:0926/123417.782:ERROR:extension_protocols.cc(565)] Allowing load of chrome-extension://cfhdojbkjhnklbpkdaibdccddilifddb/include.postload.js.mapfrom unknown origin. Could not find user data for request.
set 26, 2018 12:46:45.58 [7976:1720:0926/124645.579:ERROR:extension_protocols.cc(565)] Allowing load of chrome-extension://cfhdojbkjhnklbpkdaibdccddilifddb/include.preload.js.mapfrom unknown origin. Could not find user data for request.
set 26, 2018 12:46:45.59 [7976:1720:0926/124645.594:ERROR:extension_protocols.cc(565)] Allowing load of chrome-extension://cfhdojbkjhnklbpkdaibdccddilifddb/include.postload.js.mapfrom unknown origin. Could not find user data for request.
set 26, 2018 13:57:04.34 [7976:1720:0926/135704.346:ERROR:socket_stream.cc(210)] Closing stream with result -101
